This file contains any messages produced by compilers while
running configure, to aid debugging if configure makes a mistake.

It was created by graph-tool configure 2.27, which was
generated by GNU Autoconf 2.69.  Invocation command line was

  $ ./configure 

## --------- ##
## Platform. ##
## --------- ##

hostname = zzl-GL552VW
uname -m = x86_64
uname -r = 4.18.0-11-generic
uname -s = Linux
uname -v = #12-Ubuntu SMP Tue Oct 23 19:22:37 UTC 2018

/usr/bin/uname -p = unknown
/bin/uname -X     = unknown

/bin/arch              = unknown
/usr/bin/arch -k       = unknown
/usr/convex/getsysinfo = unknown
/usr/bin/hostinfo      = unknown
/bin/machine           = unknown
/usr/bin/oslevel       = unknown
/bin/universe          = unknown

PATH: /usr/local/sbin
PATH: /usr/local/bin
PATH: /usr/sbin
PATH: /usr/bin
PATH: /sbin
PATH: /bin
PATH: /snap/bin


## ----------- ##
## Core tests. ##
## ----------- ##

configure:2730: checking build system type
configure:2744: result: x86_64-pc-linux-gnu
configure:2764: checking host system type
configure:2777: result: x86_64-pc-linux-gnu
configure:2797: checking target system type
configure:2810: result: x86_64-pc-linux-gnu
configure:2852: checking for a BSD-compatible install
configure:2920: result: /usr/bin/install -c
configure:2931: checking whether build environment is sane
configure:2986: result: yes
configure:3137: checking for a thread-safe mkdir -p
configure:3176: result: /bin/mkdir -p
configure:3183: checking for gawk
configure:3213: result: no
configure:3183: checking for mawk
configure:3199: found /usr/bin/mawk
configure:3210: result: mawk
configure:3221: checking whether make sets $(MAKE)
configure:3243: result: yes
configure:3272: checking whether make supports nested variables
configure:3289: result: yes
configure:3368: checking how to create a pax tar archive
configure:3379: tar --version
tar (GNU tar) 1.30
Copyright (C) 2017 Free Software Foundation, Inc.
License GPLv3+: GNU GPL version 3 or later <https://gnu.org/licenses/gpl.html>.
This is free software: you are free to change and redistribute it.
There is NO WARRANTY, to the extent permitted by law.

Written by John Gilmore and Jay Fenlason.
configure:3382: $? = 0
configure:3422: tardir=conftest.dir && eval tar --format=posix -chf - "$tardir" >conftest.tar
configure:3425: $? = 0
configure:3429: tar -xf - <conftest.tar
configure:3432: $? = 0
configure:3434: cat conftest.dir/file
GrepMe
configure:3437: $? = 0
configure:3450: result: gnutar
configure:3511: checking whether make supports nested variables
configure:3528: result: yes
configure:3543: checking whether make supports the include directive
configure:3558: make -f confmf.GNU && cat confinc.out
this is the am__doit target
configure:3561: $? = 0
configure:3580: result: yes (GNU style)
configure:3650: checking for gcc
configure:3666: found /usr/bin/gcc
configure:3677: result: gcc
configure:3906: checking for C compiler version
configure:3915: gcc --version >&5
gcc (Ubuntu 8.2.0-7ubuntu1) 8.2.0
Copyright (C) 2018 Free Software Foundation, Inc.
This is free software; see the source for copying conditions.  There is NO
warranty; not even for MERCHANTABILITY or FITNESS FOR A PARTICULAR PURPOSE.

configure:3926: $? = 0
configure:3915: gcc -v >&5
Using built-in specs.
COLLECT_GCC=gcc
COLLECT_LTO_WRAPPER=/usr/lib/gcc/x86_64-linux-gnu/8/lto-wrapper
OFFLOAD_TARGET_NAMES=nvptx-none
OFFLOAD_TARGET_DEFAULT=1
Target: x86_64-linux-gnu
Configured with: ../src/configure -v --with-pkgversion='Ubuntu 8.2.0-7ubuntu1' --with-bugurl=file:///usr/share/doc/gcc-8/README.Bugs --enable-languages=c,ada,c++,go,brig,d,fortran,objc,obj-c++ --prefix=/usr --with-gcc-major-version-only --program-suffix=-8 --program-prefix=x86_64-linux-gnu- --enable-shared --enable-linker-build-id --libexecdir=/usr/lib --without-included-gettext --enable-threads=posix --libdir=/usr/lib --enable-nls --with-sysroot=/ --enable-clocale=gnu --enable-libstdcxx-debug --enable-libstdcxx-time=yes --with-default-libstdcxx-abi=new --enable-gnu-unique-object --disable-vtable-verify --enable-libmpx --enable-plugin --enable-default-pie --with-system-zlib --with-target-system-zlib --enable-objc-gc=auto --enable-multiarch --disable-werror --with-arch-32=i686 --with-abi=m64 --with-multilib-list=m32,m64,mx32 --enable-multilib --with-tune=generic --enable-offload-targets=nvptx-none --without-cuda-driver --enable-checking=release --build=x86_64-linux-gnu --host=x86_64-linux-gnu --target=x86_64-linux-gnu
Thread model: posix
gcc version 8.2.0 (Ubuntu 8.2.0-7ubuntu1) 
configure:3926: $? = 0
configure:3915: gcc -V >&5
gcc: error: unrecognized command line option '-V'
gcc: fatal error: no input files
compilation terminated.
configure:3926: $? = 1
configure:3915: gcc -qversion >&5
gcc: error: unrecognized command line option '-qversion'; did you mean '--version'?
gcc: fatal error: no input files
compilation terminated.
configure:3926: $? = 1
configure:3946: checking whether the C compiler works
configure:3968: gcc    conftest.c  >&5
configure:3972: $? = 0
configure:4020: result: yes
configure:4023: checking for C compiler default output file name
configure:4025: result: a.out
configure:4031: checking for suffix of executables
configure:4038: gcc -o conftest    conftest.c  >&5
configure:4042: $? = 0
configure:4064: result: 
configure:4086: checking whether we are cross compiling
configure:4094: gcc -o conftest    conftest.c  >&5
configure:4098: $? = 0
configure:4105: ./conftest
configure:4109: $? = 0
configure:4124: result: no
configure:4129: checking for suffix of object files
configure:4151: gcc -c   conftest.c >&5
configure:4155: $? = 0
configure:4176: result: o
configure:4180: checking whether we are using the GNU C compiler
configure:4199: gcc -c   conftest.c >&5
configure:4199: $? = 0
configure:4208: result: yes
configure:4217: checking whether gcc accepts -g
configure:4237: gcc -c -g  conftest.c >&5
configure:4237: $? = 0
configure:4278: result: yes
configure:4295: checking for gcc option to accept ISO C89
configure:4358: gcc  -c -g -O2  conftest.c >&5
configure:4358: $? = 0
configure:4371: result: none needed
configure:4396: checking whether gcc understands -c and -o together
configure:4418: gcc -c conftest.c -o conftest2.o
configure:4421: $? = 0
configure:4418: gcc -c conftest.c -o conftest2.o
configure:4421: $? = 0
configure:4433: result: yes
configure:4452: checking dependency style of gcc
configure:4563: result: gcc3
configure:4583: checking for library containing strerror
configure:4614: gcc -o conftest -g -O2   conftest.c  >&5
configure:4614: $? = 0
configure:4631: result: none required
configure:4646: checking how to run the C preprocessor
configure:4677: gcc -E  conftest.c
configure:4677: $? = 0
configure:4691: gcc -E  conftest.c
conftest.c:11:10: fatal error: ac_nonexistent.h: No such file or directory
 #include <ac_nonexistent.h>
          ^~~~~~~~~~~~~~~~~~
compilation terminated.
configure:4691: $? = 1
configure: failed program was:
| /* confdefs.h */
| #define PACKAGE_NAME "graph-tool"
| #define PACKAGE_TARNAME "graph-tool"
| #define PACKAGE_VERSION "2.27"
| #define PACKAGE_STRING "graph-tool 2.27"
| #define PACKAGE_BUGREPORT "http://graph-tool.skewed.de/issues"
| #define PACKAGE_URL "http://graph-tool.skewed.de"
| #define PACKAGE "graph-tool"
| #define VERSION "2.27"
| /* end confdefs.h.  */
| #include <ac_nonexistent.h>
configure:4716: result: gcc -E
configure:4736: gcc -E  conftest.c
configure:4736: $? = 0
configure:4750: gcc -E  conftest.c
conftest.c:11:10: fatal error: ac_nonexistent.h: No such file or directory
 #include <ac_nonexistent.h>
          ^~~~~~~~~~~~~~~~~~
compilation terminated.
configure:4750: $? = 1
configure: failed program was:
| /* confdefs.h */
| #define PACKAGE_NAME "graph-tool"
| #define PACKAGE_TARNAME "graph-tool"
| #define PACKAGE_VERSION "2.27"
| #define PACKAGE_STRING "graph-tool 2.27"
| #define PACKAGE_BUGREPORT "http://graph-tool.skewed.de/issues"
| #define PACKAGE_URL "http://graph-tool.skewed.de"
| #define PACKAGE "graph-tool"
| #define VERSION "2.27"
| /* end confdefs.h.  */
| #include <ac_nonexistent.h>
configure:4779: checking for grep that handles long lines and -e
configure:4837: result: /bin/grep
configure:4842: checking for egrep
configure:4904: result: /bin/grep -E
configure:4909: checking for ANSI C header files
configure:4929: gcc -c -g -O2  conftest.c >&5
configure:4929: $? = 0
configure:5002: gcc -o conftest -g -O2   conftest.c  >&5
configure:5002: $? = 0
configure:5002: ./conftest
configure:5002: $? = 0
configure:5013: result: yes
configure:5026: checking for sys/types.h
configure:5026: gcc -c -g -O2  conftest.c >&5
configure:5026: $? = 0
configure:5026: result: yes
configure:5026: checking for sys/stat.h
configure:5026: gcc -c -g -O2  conftest.c >&5
configure:5026: $? = 0
configure:5026: result: yes
configure:5026: checking for stdlib.h
configure:5026: gcc -c -g -O2  conftest.c >&5
configure:5026: $? = 0
configure:5026: result: yes
configure:5026: checking for string.h
configure:5026: gcc -c -g -O2  conftest.c >&5
configure:5026: $? = 0
configure:5026: result: yes
configure:5026: checking for memory.h
configure:5026: gcc -c -g -O2  conftest.c >&5
configure:5026: $? = 0
configure:5026: result: yes
configure:5026: checking for strings.h
configure:5026: gcc -c -g -O2  conftest.c >&5
configure:5026: $? = 0
configure:5026: result: yes
configure:5026: checking for inttypes.h
configure:5026: gcc -c -g -O2  conftest.c >&5
configure:5026: $? = 0
configure:5026: result: yes
configure:5026: checking for stdint.h
configure:5026: gcc -c -g -O2  conftest.c >&5
configure:5026: $? = 0
configure:5026: result: yes
configure:5026: checking for unistd.h
configure:5026: gcc -c -g -O2  conftest.c >&5
configure:5026: $? = 0
configure:5026: result: yes
configure:5039: checking minix/config.h usability
configure:5039: gcc -c -g -O2  conftest.c >&5
conftest.c:54:10: fatal error: minix/config.h: No such file or directory
 #include <minix/config.h>
          ^~~~~~~~~~~~~~~~
compilation terminated.
configure:5039: $? = 1
configure: failed program was:
| /* confdefs.h */
| #define PACKAGE_NAME "graph-tool"
| #define PACKAGE_TARNAME "graph-tool"
| #define PACKAGE_VERSION "2.27"
| #define PACKAGE_STRING "graph-tool 2.27"
| #define PACKAGE_BUGREPORT "http://graph-tool.skewed.de/issues"
| #define PACKAGE_URL "http://graph-tool.skewed.de"
| #define PACKAGE "graph-tool"
| #define VERSION "2.27"
| #define STDC_HEADERS 1
| #define HAVE_SYS_TYPES_H 1
| #define HAVE_SYS_STAT_H 1
| #define HAVE_STDLIB_H 1
| #define HAVE_STRING_H 1
| #define HAVE_MEMORY_H 1
| #define HAVE_STRINGS_H 1
| #define HAVE_INTTYPES_H 1
| #define HAVE_STDINT_H 1
| #define HAVE_UNISTD_H 1
| /* end confdefs.h.  */
| #include <stdio.h>
| #ifdef HAVE_SYS_TYPES_H
| # include <sys/types.h>
| #endif
| #ifdef HAVE_SYS_STAT_H
| # include <sys/stat.h>
| #endif
| #ifdef STDC_HEADERS
| # include <stdlib.h>
| # include <stddef.h>
| #else
| # ifdef HAVE_STDLIB_H
| #  include <stdlib.h>
| # endif
| #endif
| #ifdef HAVE_STRING_H
| # if !defined STDC_HEADERS && defined HAVE_MEMORY_H
| #  include <memory.h>
| # endif
| # include <string.h>
| #endif
| #ifdef HAVE_STRINGS_H
| # include <strings.h>
| #endif
| #ifdef HAVE_INTTYPES_H
| # include <inttypes.h>
| #endif
| #ifdef HAVE_STDINT_H
| # include <stdint.h>
| #endif
| #ifdef HAVE_UNISTD_H
| # include <unistd.h>
| #endif
| #include <minix/config.h>
configure:5039: result: no
configure:5039: checking minix/config.h presence
configure:5039: gcc -E  conftest.c
conftest.c:21:10: fatal error: minix/config.h: No such file or directory
 #include <minix/config.h>
          ^~~~~~~~~~~~~~~~
compilation terminated.
configure:5039: $? = 1
configure: failed program was:
| /* confdefs.h */
| #define PACKAGE_NAME "graph-tool"
| #define PACKAGE_TARNAME "graph-tool"
| #define PACKAGE_VERSION "2.27"
| #define PACKAGE_STRING "graph-tool 2.27"
| #define PACKAGE_BUGREPORT "http://graph-tool.skewed.de/issues"
| #define PACKAGE_URL "http://graph-tool.skewed.de"
| #define PACKAGE "graph-tool"
| #define VERSION "2.27"
| #define STDC_HEADERS 1
| #define HAVE_SYS_TYPES_H 1
| #define HAVE_SYS_STAT_H 1
| #define HAVE_STDLIB_H 1
| #define HAVE_STRING_H 1
| #define HAVE_MEMORY_H 1
| #define HAVE_STRINGS_H 1
| #define HAVE_INTTYPES_H 1
| #define HAVE_STDINT_H 1
| #define HAVE_UNISTD_H 1
| /* end confdefs.h.  */
| #include <minix/config.h>
configure:5039: result: no
configure:5039: checking for minix/config.h
configure:5039: result: no
configure:5060: checking whether it is safe to define __EXTENSIONS__
configure:5078: gcc -c -g -O2  conftest.c >&5
configure:5078: $? = 0
configure:5085: result: yes
configure:5157: checking for g++
configure:5173: found /usr/bin/g++
configure:5184: result: g++
configure:5211: checking for C++ compiler version
configure:5220: g++ --version >&5
g++ (Ubuntu 8.2.0-7ubuntu1) 8.2.0
Copyright (C) 2018 Free Software Foundation, Inc.
This is free software; see the source for copying conditions.  There is NO
warranty; not even for MERCHANTABILITY or FITNESS FOR A PARTICULAR PURPOSE.

configure:5231: $? = 0
configure:5220: g++ -v >&5
Using built-in specs.
COLLECT_GCC=g++
COLLECT_LTO_WRAPPER=/usr/lib/gcc/x86_64-linux-gnu/8/lto-wrapper
OFFLOAD_TARGET_NAMES=nvptx-none
OFFLOAD_TARGET_DEFAULT=1
Target: x86_64-linux-gnu
Configured with: ../src/configure -v --with-pkgversion='Ubuntu 8.2.0-7ubuntu1' --with-bugurl=file:///usr/share/doc/gcc-8/README.Bugs --enable-languages=c,ada,c++,go,brig,d,fortran,objc,obj-c++ --prefix=/usr --with-gcc-major-version-only --program-suffix=-8 --program-prefix=x86_64-linux-gnu- --enable-shared --enable-linker-build-id --libexecdir=/usr/lib --without-included-gettext --enable-threads=posix --libdir=/usr/lib --enable-nls --with-sysroot=/ --enable-clocale=gnu --enable-libstdcxx-debug --enable-libstdcxx-time=yes --with-default-libstdcxx-abi=new --enable-gnu-unique-object --disable-vtable-verify --enable-libmpx --enable-plugin --enable-default-pie --with-system-zlib --with-target-system-zlib --enable-objc-gc=auto --enable-multiarch --disable-werror --with-arch-32=i686 --with-abi=m64 --with-multilib-list=m32,m64,mx32 --enable-multilib --with-tune=generic --enable-offload-targets=nvptx-none --without-cuda-driver --enable-checking=release --build=x86_64-linux-gnu --host=x86_64-linux-gnu --target=x86_64-linux-gnu
Thread model: posix
gcc version 8.2.0 (Ubuntu 8.2.0-7ubuntu1) 
configure:5231: $? = 0
configure:5220: g++ -V >&5
g++: error: unrecognized command line option '-V'
g++: fatal error: no input files
compilation terminated.
configure:5231: $? = 1
configure:5220: g++ -qversion >&5
g++: error: unrecognized command line option '-qversion'; did you mean '--version'?
g++: fatal error: no input files
compilation terminated.
configure:5231: $? = 1
configure:5235: checking whether we are using the GNU C++ compiler
configure:5254: g++ -c   conftest.cpp >&5
configure:5254: $? = 0
configure:5263: result: yes
configure:5272: checking whether g++ accepts -g
configure:5292: g++ -c -g  conftest.cpp >&5
configure:5292: $? = 0
configure:5333: result: yes
configure:5358: checking dependency style of g++
configure:5469: result: gcc3
configure:5494: checking for gcc option to accept ISO C99
configure:5643: g++ -c   conftest.cpp >&5
conftest.cpp:76:29: error: expected ',' or '...' before 'text'
 test_restrict (ccp restrict text)
                             ^~~~
conftest.cpp: In function 'int test_restrict(ccp)':
conftest.cpp:81:30: error: 'text' was not declared in this scope
   for (unsigned int i = 0; *(text+i) != '\0'; ++i)
                              ^~~~
conftest.cpp:81:30: note: suggested alternative: 'atexit'
   for (unsigned int i = 0; *(text+i) != '\0'; ++i)
                              ^~~~
                              atexit
conftest.cpp: In function 'int main()':
conftest.cpp:130:18: error: expected initializer before 'newvar'
   char *restrict newvar = "Another string";
                  ^~~~~~
conftest.cpp:138:12: error: invalid conversion from 'void*' to 'incomplete_array*' [-fpermissive]
     malloc (sizeof (struct incomplete_array) + (sizeof (double) * 10));
     ~~~~~~~^~~~~~~~~~~~~~~~~~~~~~~~~~~~~~~~~~~~~~~~~~~~~~~~~~~~~~~~~~~
conftest.cpp:156:59: error: 'newvar' was not declared in this scope
   return (!success || bignum == 0LL || ubignum == 0uLL || newvar[0] == 'x'
                                                           ^~~~~~
configure:5643: $? = 1
configure: failed program was:
| /* confdefs.h */
| #define PACKAGE_NAME "graph-tool"
| #define PACKAGE_TARNAME "graph-tool"
| #define PACKAGE_VERSION "2.27"
| #define PACKAGE_STRING "graph-tool 2.27"
| #define PACKAGE_BUGREPORT "http://graph-tool.skewed.de/issues"
| #define PACKAGE_URL "http://graph-tool.skewed.de"
| #define PACKAGE "graph-tool"
| #define VERSION "2.27"
| #define STDC_HEADERS 1
| #define HAVE_SYS_TYPES_H 1
| #define HAVE_SYS_STAT_H 1
| #define HAVE_STDLIB_H 1
| #define HAVE_STRING_H 1
| #define HAVE_MEMORY_H 1
| #define HAVE_STRINGS_H 1
| #define HAVE_INTTYPES_H 1
| #define HAVE_STDINT_H 1
| #define HAVE_UNISTD_H 1
| #define __EXTENSIONS__ 1
| #define _ALL_SOURCE 1
| #define _GNU_SOURCE 1
| #define _POSIX_PTHREAD_SEMANTICS 1
| #define _TANDEM_SOURCE 1
| /* end confdefs.h.  */
| #include <stdarg.h>
| #include <stdbool.h>
| #include <stdlib.h>
| #include <wchar.h>
| #include <stdio.h>
| 
| // Check varargs macros.  These examples are taken from C99 6.10.3.5.
| #define debug(...) fprintf (stderr, __VA_ARGS__)
| #define showlist(...) puts (#__VA_ARGS__)
| #define report(test,...) ((test) ? puts (#test) : printf (__VA_ARGS__))
| static void
| test_varargs_macros (void)
| {
|   int x = 1234;
|   int y = 5678;
|   debug ("Flag");
|   debug ("X = %d\n", x);
|   showlist (The first, second, and third items.);
|   report (x>y, "x is %d but y is %d", x, y);
| }
| 
| // Check long long types.
| #define BIG64 18446744073709551615ull
| #define BIG32 4294967295ul
| #define BIG_OK (BIG64 / BIG32 == 4294967297ull && BIG64 % BIG32 == 0)
| #if !BIG_OK
|   your preprocessor is broken;
| #endif
| #if BIG_OK
| #else
|   your preprocessor is broken;
| #endif
| static long long int bignum = -9223372036854775807LL;
| static unsigned long long int ubignum = BIG64;
| 
| struct incomplete_array
| {
|   int datasize;
|   double data[];
| };
| 
| struct named_init {
|   int number;
|   const wchar_t *name;
|   double average;
| };
| 
| typedef const char *ccp;
| 
| static inline int
| test_restrict (ccp restrict text)
| {
|   // See if C++-style comments work.
|   // Iterate through items via the restricted pointer.
|   // Also check for declarations in for loops.
|   for (unsigned int i = 0; *(text+i) != '\0'; ++i)
|     continue;
|   return 0;
| }
| 
| // Check varargs and va_copy.
| static void
| test_varargs (const char *format, ...)
| {
|   va_list args;
|   va_start (args, format);
|   va_list args_copy;
|   va_copy (args_copy, args);
| 
|   const char *str;
|   int number;
|   float fnumber;
| 
|   while (*format)
|     {
|       switch (*format++)
| 	{
| 	case 's': // string
| 	  str = va_arg (args_copy, const char *);
| 	  break;
| 	case 'd': // int
| 	  number = va_arg (args_copy, int);
| 	  break;
| 	case 'f': // float
| 	  fnumber = va_arg (args_copy, double);
| 	  break;
| 	default:
| 	  break;
| 	}
|     }
|   va_end (args_copy);
|   va_end (args);
| }
| 
| int
| main ()
| {
| 
|   // Check bool.
|   _Bool success = false;
| 
|   // Check restrict.
|   if (test_restrict ("String literal") == 0)
|     success = true;
|   char *restrict newvar = "Another string";
| 
|   // Check varargs.
|   test_varargs ("s, d' f .", "string", 65, 34.234);
|   test_varargs_macros ();
| 
|   // Check flexible array members.
|   struct incomplete_array *ia =
|     malloc (sizeof (struct incomplete_array) + (sizeof (double) * 10));
|   ia->datasize = 10;
|   for (int i = 0; i < ia->datasize; ++i)
|     ia->data[i] = i * 1.234;
| 
|   // Check named initializers.
|   struct named_init ni = {
|     .number = 34,
|     .name = L"Test wide string",
|     .average = 543.34343,
|   };
| 
|   ni.number = 58;
| 
|   int dynamic_array[ni.number];
|   dynamic_array[ni.number - 1] = 543;
| 
|   // work around unused variable warnings
|   return (!success || bignum == 0LL || ubignum == 0uLL || newvar[0] == 'x'
| 	  || dynamic_array[ni.number - 1] != 543);
| 
|   ;
|   return 0;
| }
configure:5643: g++ -c   conftest.cpp >&5
conftest.cpp:76:29: error: expected ',' or '...' before 'text'
 test_restrict (ccp restrict text)
                             ^~~~
conftest.cpp: In function 'int test_restrict(ccp)':
conftest.cpp:81:30: error: 'text' was not declared in this scope
   for (unsigned int i = 0; *(text+i) != '\0'; ++i)
                              ^~~~
conftest.cpp:81:30: note: suggested alternative: 'atexit'
   for (unsigned int i = 0; *(text+i) != '\0'; ++i)
                              ^~~~
                              atexit
conftest.cpp: In function 'int main()':
conftest.cpp:130:18: error: expected initializer before 'newvar'
   char *restrict newvar = "Another string";
                  ^~~~~~
conftest.cpp:138:12: error: invalid conversion from 'void*' to 'incomplete_array*' [-fpermissive]
     malloc (sizeof (struct incomplete_array) + (sizeof (double) * 10));
     ~~~~~~~^~~~~~~~~~~~~~~~~~~~~~~~~~~~~~~~~~~~~~~~~~~~~~~~~~~~~~~~~~~
conftest.cpp:156:59: error: 'newvar' was not declared in this scope
   return (!success || bignum == 0LL || ubignum == 0uLL || newvar[0] == 'x'
                                                           ^~~~~~
configure:5643: $? = 1
configure: failed program was:
| /* confdefs.h */
| #define PACKAGE_NAME "graph-tool"
| #define PACKAGE_TARNAME "graph-tool"
| #define PACKAGE_VERSION "2.27"
| #define PACKAGE_STRING "graph-tool 2.27"
| #define PACKAGE_BUGREPORT "http://graph-tool.skewed.de/issues"
| #define PACKAGE_URL "http://graph-tool.skewed.de"
| #define PACKAGE "graph-tool"
| #define VERSION "2.27"
| #define STDC_HEADERS 1
| #define HAVE_SYS_TYPES_H 1
| #define HAVE_SYS_STAT_H 1
| #define HAVE_STDLIB_H 1
| #define HAVE_STRING_H 1
| #define HAVE_MEMORY_H 1
| #define HAVE_STRINGS_H 1
| #define HAVE_INTTYPES_H 1
| #define HAVE_STDINT_H 1
| #define HAVE_UNISTD_H 1
| #define __EXTENSIONS__ 1
| #define _ALL_SOURCE 1
| #define _GNU_SOURCE 1
| #define _POSIX_PTHREAD_SEMANTICS 1
| #define _TANDEM_SOURCE 1
| /* end confdefs.h.  */
| #include <stdarg.h>
| #include <stdbool.h>
| #include <stdlib.h>
| #include <wchar.h>
| #include <stdio.h>
| 
| // Check varargs macros.  These examples are taken from C99 6.10.3.5.
| #define debug(...) fprintf (stderr, __VA_ARGS__)
| #define showlist(...) puts (#__VA_ARGS__)
| #define report(test,...) ((test) ? puts (#test) : printf (__VA_ARGS__))
| static void
| test_varargs_macros (void)
| {
|   int x = 1234;
|   int y = 5678;
|   debug ("Flag");
|   debug ("X = %d\n", x);
|   showlist (The first, second, and third items.);
|   report (x>y, "x is %d but y is %d", x, y);
| }
| 
| // Check long long types.
| #define BIG64 18446744073709551615ull
| #define BIG32 4294967295ul
| #define BIG_OK (BIG64 / BIG32 == 4294967297ull && BIG64 % BIG32 == 0)
| #if !BIG_OK
|   your preprocessor is broken;
| #endif
| #if BIG_OK
| #else
|   your preprocessor is broken;
| #endif
| static long long int bignum = -9223372036854775807LL;
| static unsigned long long int ubignum = BIG64;
| 
| struct incomplete_array
| {
|   int datasize;
|   double data[];
| };
| 
| struct named_init {
|   int number;
|   const wchar_t *name;
|   double average;
| };
| 
| typedef const char *ccp;
| 
| static inline int
| test_restrict (ccp restrict text)
| {
|   // See if C++-style comments work.
|   // Iterate through items via the restricted pointer.
|   // Also check for declarations in for loops.
|   for (unsigned int i = 0; *(text+i) != '\0'; ++i)
|     continue;
|   return 0;
| }
| 
| // Check varargs and va_copy.
| static void
| test_varargs (const char *format, ...)
| {
|   va_list args;
|   va_start (args, format);
|   va_list args_copy;
|   va_copy (args_copy, args);
| 
|   const char *str;
|   int number;
|   float fnumber;
| 
|   while (*format)
|     {
|       switch (*format++)
| 	{
| 	case 's': // string
| 	  str = va_arg (args_copy, const char *);
| 	  break;
| 	case 'd': // int
| 	  number = va_arg (args_copy, int);
| 	  break;
| 	case 'f': // float
| 	  fnumber = va_arg (args_copy, double);
| 	  break;
| 	default:
| 	  break;
| 	}
|     }
|   va_end (args_copy);
|   va_end (args);
| }
| 
| int
| main ()
| {
| 
|   // Check bool.
|   _Bool success = false;
| 
|   // Check restrict.
|   if (test_restrict ("String literal") == 0)
|     success = true;
|   char *restrict newvar = "Another string";
| 
|   // Check varargs.
|   test_varargs ("s, d' f .", "string", 65, 34.234);
|   test_varargs_macros ();
| 
|   // Check flexible array members.
|   struct incomplete_array *ia =
|     malloc (sizeof (struct incomplete_array) + (sizeof (double) * 10));
|   ia->datasize = 10;
|   for (int i = 0; i < ia->datasize; ++i)
|     ia->data[i] = i * 1.234;
| 
|   // Check named initializers.
|   struct named_init ni = {
|     .number = 34,
|     .name = L"Test wide string",
|     .average = 543.34343,
|   };
| 
|   ni.number = 58;
| 
|   int dynamic_array[ni.number];
|   dynamic_array[ni.number - 1] = 543;
| 
|   // work around unused variable warnings
|   return (!success || bignum == 0LL || ubignum == 0uLL || newvar[0] == 'x'
| 	  || dynamic_array[ni.number - 1] != 543);
| 
|   ;
|   return 0;
| }
configure:5643: g++ -c   conftest.cpp >&5
conftest.cpp:76:29: error: expected ',' or '...' before 'text'
 test_restrict (ccp restrict text)
                             ^~~~
conftest.cpp: In function 'int test_restrict(ccp)':
conftest.cpp:81:30: error: 'text' was not declared in this scope
   for (unsigned int i = 0; *(text+i) != '\0'; ++i)
                              ^~~~
conftest.cpp:81:30: note: suggested alternative: 'atexit'
   for (unsigned int i = 0; *(text+i) != '\0'; ++i)
                              ^~~~
                              atexit
conftest.cpp: In function 'int main()':
conftest.cpp:130:18: error: expected initializer before 'newvar'
   char *restrict newvar = "Another string";
                  ^~~~~~
conftest.cpp:138:12: error: invalid conversion from 'void*' to 'incomplete_array*' [-fpermissive]
     malloc (sizeof (struct incomplete_array) + (sizeof (double) * 10));
     ~~~~~~~^~~~~~~~~~~~~~~~~~~~~~~~~~~~~~~~~~~~~~~~~~~~~~~~~~~~~~~~~~~
conftest.cpp:156:59: error: 'newvar' was not declared in this scope
   return (!success || bignum == 0LL || ubignum == 0uLL || newvar[0] == 'x'
                                                           ^~~~~~
configure:5643: $? = 1
configure: failed program was:
| /* confdefs.h */
| #define PACKAGE_NAME "graph-tool"
| #define PACKAGE_TARNAME "graph-tool"
| #define PACKAGE_VERSION "2.27"
| #define PACKAGE_STRING "graph-tool 2.27"
| #define PACKAGE_BUGREPORT "http://graph-tool.skewed.de/issues"
| #define PACKAGE_URL "http://graph-tool.skewed.de"
| #define PACKAGE "graph-tool"
| #define VERSION "2.27"
| #define STDC_HEADERS 1
| #define HAVE_SYS_TYPES_H 1
| #define HAVE_SYS_STAT_H 1
| #define HAVE_STDLIB_H 1
| #define HAVE_STRING_H 1
| #define HAVE_MEMORY_H 1
| #define HAVE_STRINGS_H 1
| #define HAVE_INTTYPES_H 1
| #define HAVE_STDINT_H 1
| #define HAVE_UNISTD_H 1
| #define __EXTENSIONS__ 1
| #define _ALL_SOURCE 1
| #define _GNU_SOURCE 1
| #define _POSIX_PTHREAD_SEMANTICS 1
| #define _TANDEM_SOURCE 1
| /* end confdefs.h.  */
| #include <stdarg.h>
| #include <stdbool.h>
| #include <stdlib.h>
| #include <wchar.h>
| #include <stdio.h>
| 
| // Check varargs macros.  These examples are taken from C99 6.10.3.5.
| #define debug(...) fprintf (stderr, __VA_ARGS__)
| #define showlist(...) puts (#__VA_ARGS__)
| #define report(test,...) ((test) ? puts (#test) : printf (__VA_ARGS__))
| static void
| test_varargs_macros (void)
| {
|   int x = 1234;
|   int y = 5678;
|   debug ("Flag");
|   debug ("X = %d\n", x);
|   showlist (The first, second, and third items.);
|   report (x>y, "x is %d but y is %d", x, y);
| }
| 
| // Check long long types.
| #define BIG64 18446744073709551615ull
| #define BIG32 4294967295ul
| #define BIG_OK (BIG64 / BIG32 == 4294967297ull && BIG64 % BIG32 == 0)
| #if !BIG_OK
|   your preprocessor is broken;
| #endif
| #if BIG_OK
| #else
|   your preprocessor is broken;
| #endif
| static long long int bignum = -9223372036854775807LL;
| static unsigned long long int ubignum = BIG64;
| 
| struct incomplete_array
| {
|   int datasize;
|   double data[];
| };
| 
| struct named_init {
|   int number;
|   const wchar_t *name;
|   double average;
| };
| 
| typedef const char *ccp;
| 
| static inline int
| test_restrict (ccp restrict text)
| {
|   // See if C++-style comments work.
|   // Iterate through items via the restricted pointer.
|   // Also check for declarations in for loops.
|   for (unsigned int i = 0; *(text+i) != '\0'; ++i)
|     continue;
|   return 0;
| }
| 
| // Check varargs and va_copy.
| static void
| test_varargs (const char *format, ...)
| {
|   va_list args;
|   va_start (args, format);
|   va_list args_copy;
|   va_copy (args_copy, args);
| 
|   const char *str;
|   int number;
|   float fnumber;
| 
|   while (*format)
|     {
|       switch (*format++)
| 	{
| 	case 's': // string
| 	  str = va_arg (args_copy, const char *);
| 	  break;
| 	case 'd': // int
| 	  number = va_arg (args_copy, int);
| 	  break;
| 	case 'f': // float
| 	  fnumber = va_arg (args_copy, double);
| 	  break;
| 	default:
| 	  break;
| 	}
|     }
|   va_end (args_copy);
|   va_end (args);
| }
| 
| int
| main ()
| {
| 
|   // Check bool.
|   _Bool success = false;
| 
|   // Check restrict.
|   if (test_restrict ("String literal") == 0)
|     success = true;
|   char *restrict newvar = "Another string";
| 
|   // Check varargs.
|   test_varargs ("s, d' f .", "string", 65, 34.234);
|   test_varargs_macros ();
| 
|   // Check flexible array members.
|   struct incomplete_array *ia =
|     malloc (sizeof (struct incomplete_array) + (sizeof (double) * 10));
|   ia->datasize = 10;
|   for (int i = 0; i < ia->datasize; ++i)
|     ia->data[i] = i * 1.234;
| 
|   // Check named initializers.
|   struct named_init ni = {
|     .number = 34,
|     .name = L"Test wide string",
|     .average = 543.34343,
|   };
| 
|   ni.number = 58;
| 
|   int dynamic_array[ni.number];
|   dynamic_array[ni.number - 1] = 543;
| 
|   // work around unused variable warnings
|   return (!success || bignum == 0LL || ubignum == 0uLL || newvar[0] == 'x'
| 	  || dynamic_array[ni.number - 1] != 543);
| 
|   ;
|   return 0;
| }
configure:5643: g++ -c   conftest.cpp >&5
conftest.cpp:76:29: error: expected ',' or '...' before 'text'
 test_restrict (ccp restrict text)
                             ^~~~
conftest.cpp: In function 'int test_restrict(ccp)':
conftest.cpp:81:30: error: 'text' was not declared in this scope
   for (unsigned int i = 0; *(text+i) != '\0'; ++i)
                              ^~~~
conftest.cpp:81:30: note: suggested alternative: 'atexit'
   for (unsigned int i = 0; *(text+i) != '\0'; ++i)
                              ^~~~
                              atexit
conftest.cpp: In function 'int main()':
conftest.cpp:130:18: error: expected initializer before 'newvar'
   char *restrict newvar = "Another string";
                  ^~~~~~
conftest.cpp:138:12: error: invalid conversion from 'void*' to 'incomplete_array*' [-fpermissive]
     malloc (sizeof (struct incomplete_array) + (sizeof (double) * 10));
     ~~~~~~~^~~~~~~~~~~~~~~~~~~~~~~~~~~~~~~~~~~~~~~~~~~~~~~~~~~~~~~~~~~
conftest.cpp:156:59: error: 'newvar' was not declared in this scope
   return (!success || bignum == 0LL || ubignum == 0uLL || newvar[0] == 'x'
                                                           ^~~~~~
configure:5643: $? = 1
configure: failed program was:
| /* confdefs.h */
| #define PACKAGE_NAME "graph-tool"
| #define PACKAGE_TARNAME "graph-tool"
| #define PACKAGE_VERSION "2.27"
| #define PACKAGE_STRING "graph-tool 2.27"
| #define PACKAGE_BUGREPORT "http://graph-tool.skewed.de/issues"
| #define PACKAGE_URL "http://graph-tool.skewed.de"
| #define PACKAGE "graph-tool"
| #define VERSION "2.27"
| #define STDC_HEADERS 1
| #define HAVE_SYS_TYPES_H 1
| #define HAVE_SYS_STAT_H 1
| #define HAVE_STDLIB_H 1
| #define HAVE_STRING_H 1
| #define HAVE_MEMORY_H 1
| #define HAVE_STRINGS_H 1
| #define HAVE_INTTYPES_H 1
| #define HAVE_STDINT_H 1
| #define HAVE_UNISTD_H 1
| #define __EXTENSIONS__ 1
| #define _ALL_SOURCE 1
| #define _GNU_SOURCE 1
| #define _POSIX_PTHREAD_SEMANTICS 1
| #define _TANDEM_SOURCE 1
| /* end confdefs.h.  */
| #include <stdarg.h>
| #include <stdbool.h>
| #include <stdlib.h>
| #include <wchar.h>
| #include <stdio.h>
| 
| // Check varargs macros.  These examples are taken from C99 6.10.3.5.
| #define debug(...) fprintf (stderr, __VA_ARGS__)
| #define showlist(...) puts (#__VA_ARGS__)
| #define report(test,...) ((test) ? puts (#test) : printf (__VA_ARGS__))
| static void
| test_varargs_macros (void)
| {
|   int x = 1234;
|   int y = 5678;
|   debug ("Flag");
|   debug ("X = %d\n", x);
|   showlist (The first, second, and third items.);
|   report (x>y, "x is %d but y is %d", x, y);
| }
| 
| // Check long long types.
| #define BIG64 18446744073709551615ull
| #define BIG32 4294967295ul
| #define BIG_OK (BIG64 / BIG32 == 4294967297ull && BIG64 % BIG32 == 0)
| #if !BIG_OK
|   your preprocessor is broken;
| #endif
| #if BIG_OK
| #else
|   your preprocessor is broken;
| #endif
| static long long int bignum = -9223372036854775807LL;
| static unsigned long long int ubignum = BIG64;
| 
| struct incomplete_array
| {
|   int datasize;
|   double data[];
| };
| 
| struct named_init {
|   int number;
|   const wchar_t *name;
|   double average;
| };
| 
| typedef const char *ccp;
| 
| static inline int
| test_restrict (ccp restrict text)
| {
|   // See if C++-style comments work.
|   // Iterate through items via the restricted pointer.
|   // Also check for declarations in for loops.
|   for (unsigned int i = 0; *(text+i) != '\0'; ++i)
|     continue;
|   return 0;
| }
| 
| // Check varargs and va_copy.
| static void
| test_varargs (const char *format, ...)
| {
|   va_list args;
|   va_start (args, format);
|   va_list args_copy;
|   va_copy (args_copy, args);
| 
|   const char *str;
|   int number;
|   float fnumber;
| 
|   while (*format)
|     {
|       switch (*format++)
| 	{
| 	case 's': // string
| 	  str = va_arg (args_copy, const char *);
| 	  break;
| 	case 'd': // int
| 	  number = va_arg (args_copy, int);
| 	  break;
| 	case 'f': // float
| 	  fnumber = va_arg (args_copy, double);
| 	  break;
| 	default:
| 	  break;
| 	}
|     }
|   va_end (args_copy);
|   va_end (args);
| }
| 
| int
| main ()
| {
| 
|   // Check bool.
|   _Bool success = false;
| 
|   // Check restrict.
|   if (test_restrict ("String literal") == 0)
|     success = true;
|   char *restrict newvar = "Another string";
| 
|   // Check varargs.
|   test_varargs ("s, d' f .", "string", 65, 34.234);
|   test_varargs_macros ();
| 
|   // Check flexible array members.
|   struct incomplete_array *ia =
|     malloc (sizeof (struct incomplete_array) + (sizeof (double) * 10));
|   ia->datasize = 10;
|   for (int i = 0; i < ia->datasize; ++i)
|     ia->data[i] = i * 1.234;
| 
|   // Check named initializers.
|   struct named_init ni = {
|     .number = 34,
|     .name = L"Test wide string",
|     .average = 543.34343,
|   };
| 
|   ni.number = 58;
| 
|   int dynamic_array[ni.number];
|   dynamic_array[ni.number - 1] = 543;
| 
|   // work around unused variable warnings
|   return (!success || bignum == 0LL || ubignum == 0uLL || newvar[0] == 'x'
| 	  || dynamic_array[ni.number - 1] != 543);
| 
|   ;
|   return 0;
| }
configure:5643: g++ -c   conftest.cpp >&5
conftest.cpp:76:29: error: expected ',' or '...' before 'text'
 test_restrict (ccp restrict text)
                             ^~~~
conftest.cpp: In function 'int test_restrict(ccp)':
conftest.cpp:81:30: error: 'text' was not declared in this scope
   for (unsigned int i = 0; *(text+i) != '\0'; ++i)
                              ^~~~
conftest.cpp:81:30: note: suggested alternative: 'atexit'
   for (unsigned int i = 0; *(text+i) != '\0'; ++i)
                              ^~~~
                              atexit
conftest.cpp: In function 'int main()':
conftest.cpp:130:18: error: expected initializer before 'newvar'
   char *restrict newvar = "Another string";
                  ^~~~~~
conftest.cpp:138:12: error: invalid conversion from 'void*' to 'incomplete_array*' [-fpermissive]
     malloc (sizeof (struct incomplete_array) + (sizeof (double) * 10));
     ~~~~~~~^~~~~~~~~~~~~~~~~~~~~~~~~~~~~~~~~~~~~~~~~~~~~~~~~~~~~~~~~~~
conftest.cpp:156:59: error: 'newvar' was not declared in this scope
   return (!success || bignum == 0LL || ubignum == 0uLL || newvar[0] == 'x'
                                                           ^~~~~~
configure:5643: $? = 1
configure: failed program was:
| /* confdefs.h */
| #define PACKAGE_NAME "graph-tool"
| #define PACKAGE_TARNAME "graph-tool"
| #define PACKAGE_VERSION "2.27"
| #define PACKAGE_STRING "graph-tool 2.27"
| #define PACKAGE_BUGREPORT "http://graph-tool.skewed.de/issues"
| #define PACKAGE_URL "http://graph-tool.skewed.de"
| #define PACKAGE "graph-tool"
| #define VERSION "2.27"
| #define STDC_HEADERS 1
| #define HAVE_SYS_TYPES_H 1
| #define HAVE_SYS_STAT_H 1
| #define HAVE_STDLIB_H 1
| #define HAVE_STRING_H 1
| #define HAVE_MEMORY_H 1
| #define HAVE_STRINGS_H 1
| #define HAVE_INTTYPES_H 1
| #define HAVE_STDINT_H 1
| #define HAVE_UNISTD_H 1
| #define __EXTENSIONS__ 1
| #define _ALL_SOURCE 1
| #define _GNU_SOURCE 1
| #define _POSIX_PTHREAD_SEMANTICS 1
| #define _TANDEM_SOURCE 1
| /* end confdefs.h.  */
| #include <stdarg.h>
| #include <stdbool.h>
| #include <stdlib.h>
| #include <wchar.h>
| #include <stdio.h>
| 
| // Check varargs macros.  These examples are taken from C99 6.10.3.5.
| #define debug(...) fprintf (stderr, __VA_ARGS__)
| #define showlist(...) puts (#__VA_ARGS__)
| #define report(test,...) ((test) ? puts (#test) : printf (__VA_ARGS__))
| static void
| test_varargs_macros (void)
| {
|   int x = 1234;
|   int y = 5678;
|   debug ("Flag");
|   debug ("X = %d\n", x);
|   showlist (The first, second, and third items.);
|   report (x>y, "x is %d but y is %d", x, y);
| }
| 
| // Check long long types.
| #define BIG64 18446744073709551615ull
| #define BIG32 4294967295ul
| #define BIG_OK (BIG64 / BIG32 == 4294967297ull && BIG64 % BIG32 == 0)
| #if !BIG_OK
|   your preprocessor is broken;
| #endif
| #if BIG_OK
| #else
|   your preprocessor is broken;
| #endif
| static long long int bignum = -9223372036854775807LL;
| static unsigned long long int ubignum = BIG64;
| 
| struct incomplete_array
| {
|   int datasize;
|   double data[];
| };
| 
| struct named_init {
|   int number;
|   const wchar_t *name;
|   double average;
| };
| 
| typedef const char *ccp;
| 
| static inline int
| test_restrict (ccp restrict text)
| {
|   // See if C++-style comments work.
|   // Iterate through items via the restricted pointer.
|   // Also check for declarations in for loops.
|   for (unsigned int i = 0; *(text+i) != '\0'; ++i)
|     continue;
|   return 0;
| }
| 
| // Check varargs and va_copy.
| static void
| test_varargs (const char *format, ...)
| {
|   va_list args;
|   va_start (args, format);
|   va_list args_copy;
|   va_copy (args_copy, args);
| 
|   const char *str;
|   int number;
|   float fnumber;
| 
|   while (*format)
|     {
|       switch (*format++)
| 	{
| 	case 's': // string
| 	  str = va_arg (args_copy, const char *);
| 	  break;
| 	case 'd': // int
| 	  number = va_arg (args_copy, int);
| 	  break;
| 	case 'f': // float
| 	  fnumber = va_arg (args_copy, double);
| 	  break;
| 	default:
| 	  break;
| 	}
|     }
|   va_end (args_copy);
|   va_end (args);
| }
| 
| int
| main ()
| {
| 
|   // Check bool.
|   _Bool success = false;
| 
|   // Check restrict.
|   if (test_restrict ("String literal") == 0)
|     success = true;
|   char *restrict newvar = "Another string";
| 
|   // Check varargs.
|   test_varargs ("s, d' f .", "string", 65, 34.234);
|   test_varargs_macros ();
| 
|   // Check flexible array members.
|   struct incomplete_array *ia =
|     malloc (sizeof (struct incomplete_array) + (sizeof (double) * 10));
|   ia->datasize = 10;
|   for (int i = 0; i < ia->datasize; ++i)
|     ia->data[i] = i * 1.234;
| 
|   // Check named initializers.
|   struct named_init ni = {
|     .number = 34,
|     .name = L"Test wide string",
|     .average = 543.34343,
|   };
| 
|   ni.number = 58;
| 
|   int dynamic_array[ni.number];
|   dynamic_array[ni.number - 1] = 543;
| 
|   // work around unused variable warnings
|   return (!success || bignum == 0LL || ubignum == 0uLL || newvar[0] == 'x'
| 	  || dynamic_array[ni.number - 1] != 543);
| 
|   ;
|   return 0;
| }
configure:5643: g++ -c   conftest.cpp >&5
conftest.cpp:76:29: error: expected ',' or '...' before 'text'
 test_restrict (ccp restrict text)
                             ^~~~
conftest.cpp: In function 'int test_restrict(ccp)':
conftest.cpp:81:30: error: 'text' was not declared in this scope
   for (unsigned int i = 0; *(text+i) != '\0'; ++i)
                              ^~~~
conftest.cpp:81:30: note: suggested alternative: 'atexit'
   for (unsigned int i = 0; *(text+i) != '\0'; ++i)
                              ^~~~
                              atexit
conftest.cpp: In function 'int main()':
conftest.cpp:130:18: error: expected initializer before 'newvar'
   char *restrict newvar = "Another string";
                  ^~~~~~
conftest.cpp:138:12: error: invalid conversion from 'void*' to 'incomplete_array*' [-fpermissive]
     malloc (sizeof (struct incomplete_array) + (sizeof (double) * 10));
     ~~~~~~~^~~~~~~~~~~~~~~~~~~~~~~~~~~~~~~~~~~~~~~~~~~~~~~~~~~~~~~~~~~
conftest.cpp:156:59: error: 'newvar' was not declared in this scope
   return (!success || bignum == 0LL || ubignum == 0uLL || newvar[0] == 'x'
                                                           ^~~~~~
configure:5643: $? = 1
configure: failed program was:
| /* confdefs.h */
| #define PACKAGE_NAME "graph-tool"
| #define PACKAGE_TARNAME "graph-tool"
| #define PACKAGE_VERSION "2.27"
| #define PACKAGE_STRING "graph-tool 2.27"
| #define PACKAGE_BUGREPORT "http://graph-tool.skewed.de/issues"
| #define PACKAGE_URL "http://graph-tool.skewed.de"
| #define PACKAGE "graph-tool"
| #define VERSION "2.27"
| #define STDC_HEADERS 1
| #define HAVE_SYS_TYPES_H 1
| #define HAVE_SYS_STAT_H 1
| #define HAVE_STDLIB_H 1
| #define HAVE_STRING_H 1
| #define HAVE_MEMORY_H 1
| #define HAVE_STRINGS_H 1
| #define HAVE_INTTYPES_H 1
| #define HAVE_STDINT_H 1
| #define HAVE_UNISTD_H 1
| #define __EXTENSIONS__ 1
| #define _ALL_SOURCE 1
| #define _GNU_SOURCE 1
| #define _POSIX_PTHREAD_SEMANTICS 1
| #define _TANDEM_SOURCE 1
| /* end confdefs.h.  */
| #include <stdarg.h>
| #include <stdbool.h>
| #include <stdlib.h>
| #include <wchar.h>
| #include <stdio.h>
| 
| // Check varargs macros.  These examples are taken from C99 6.10.3.5.
| #define debug(...) fprintf (stderr, __VA_ARGS__)
| #define showlist(...) puts (#__VA_ARGS__)
| #define report(test,...) ((test) ? puts (#test) : printf (__VA_ARGS__))
| static void
| test_varargs_macros (void)
| {
|   int x = 1234;
|   int y = 5678;
|   debug ("Flag");
|   debug ("X = %d\n", x);
|   showlist (The first, second, and third items.);
|   report (x>y, "x is %d but y is %d", x, y);
| }
| 
| // Check long long types.
| #define BIG64 18446744073709551615ull
| #define BIG32 4294967295ul
| #define BIG_OK (BIG64 / BIG32 == 4294967297ull && BIG64 % BIG32 == 0)
| #if !BIG_OK
|   your preprocessor is broken;
| #endif
| #if BIG_OK
| #else
|   your preprocessor is broken;
| #endif
| static long long int bignum = -9223372036854775807LL;
| static unsigned long long int ubignum = BIG64;
| 
| struct incomplete_array
| {
|   int datasize;
|   double data[];
| };
| 
| struct named_init {
|   int number;
|   const wchar_t *name;
|   double average;
| };
| 
| typedef const char *ccp;
| 
| static inline int
| test_restrict (ccp restrict text)
| {
|   // See if C++-style comments work.
|   // Iterate through items via the restricted pointer.
|   // Also check for declarations in for loops.
|   for (unsigned int i = 0; *(text+i) != '\0'; ++i)
|     continue;
|   return 0;
| }
| 
| // Check varargs and va_copy.
| static void
| test_varargs (const char *format, ...)
| {
|   va_list args;
|   va_start (args, format);
|   va_list args_copy;
|   va_copy (args_copy, args);
| 
|   const char *str;
|   int number;
|   float fnumber;
| 
|   while (*format)
|     {
|       switch (*format++)
| 	{
| 	case 's': // string
| 	  str = va_arg (args_copy, const char *);
| 	  break;
| 	case 'd': // int
| 	  number = va_arg (args_copy, int);
| 	  break;
| 	case 'f': // float
| 	  fnumber = va_arg (args_copy, double);
| 	  break;
| 	default:
| 	  break;
| 	}
|     }
|   va_end (args_copy);
|   va_end (args);
| }
| 
| int
| main ()
| {
| 
|   // Check bool.
|   _Bool success = false;
| 
|   // Check restrict.
|   if (test_restrict ("String literal") == 0)
|     success = true;
|   char *restrict newvar = "Another string";
| 
|   // Check varargs.
|   test_varargs ("s, d' f .", "string", 65, 34.234);
|   test_varargs_macros ();
| 
|   // Check flexible array members.
|   struct incomplete_array *ia =
|     malloc (sizeof (struct incomplete_array) + (sizeof (double) * 10));
|   ia->datasize = 10;
|   for (int i = 0; i < ia->datasize; ++i)
|     ia->data[i] = i * 1.234;
| 
|   // Check named initializers.
|   struct named_init ni = {
|     .number = 34,
|     .name = L"Test wide string",
|     .average = 543.34343,
|   };
| 
|   ni.number = 58;
| 
|   int dynamic_array[ni.number];
|   dynamic_array[ni.number - 1] = 543;
| 
|   // work around unused variable warnings
|   return (!success || bignum == 0LL || ubignum == 0uLL || newvar[0] == 'x'
| 	  || dynamic_array[ni.number - 1] != 543);
| 
|   ;
|   return 0;
| }
configure:5643: g++ -c   conftest.cpp >&5
conftest.cpp:76:29: error: expected ',' or '...' before 'text'
 test_restrict (ccp restrict text)
                             ^~~~
conftest.cpp: In function 'int test_restrict(ccp)':
conftest.cpp:81:30: error: 'text' was not declared in this scope
   for (unsigned int i = 0; *(text+i) != '\0'; ++i)
                              ^~~~
conftest.cpp:81:30: note: suggested alternative: 'atexit'
   for (unsigned int i = 0; *(text+i) != '\0'; ++i)
                              ^~~~
                              atexit
conftest.cpp: In function 'int main()':
conftest.cpp:130:18: error: expected initializer before 'newvar'
   char *restrict newvar = "Another string";
                  ^~~~~~
conftest.cpp:138:12: error: invalid conversion from 'void*' to 'incomplete_array*' [-fpermissive]
     malloc (sizeof (struct incomplete_array) + (sizeof (double) * 10));
     ~~~~~~~^~~~~~~~~~~~~~~~~~~~~~~~~~~~~~~~~~~~~~~~~~~~~~~~~~~~~~~~~~~
conftest.cpp:156:59: error: 'newvar' was not declared in this scope
   return (!success || bignum == 0LL || ubignum == 0uLL || newvar[0] == 'x'
                                                           ^~~~~~
configure:5643: $? = 1
configure: failed program was:
| /* confdefs.h */
| #define PACKAGE_NAME "graph-tool"
| #define PACKAGE_TARNAME "graph-tool"
| #define PACKAGE_VERSION "2.27"
| #define PACKAGE_STRING "graph-tool 2.27"
| #define PACKAGE_BUGREPORT "http://graph-tool.skewed.de/issues"
| #define PACKAGE_URL "http://graph-tool.skewed.de"
| #define PACKAGE "graph-tool"
| #define VERSION "2.27"
| #define STDC_HEADERS 1
| #define HAVE_SYS_TYPES_H 1
| #define HAVE_SYS_STAT_H 1
| #define HAVE_STDLIB_H 1
| #define HAVE_STRING_H 1
| #define HAVE_MEMORY_H 1
| #define HAVE_STRINGS_H 1
| #define HAVE_INTTYPES_H 1
| #define HAVE_STDINT_H 1
| #define HAVE_UNISTD_H 1
| #define __EXTENSIONS__ 1
| #define _ALL_SOURCE 1
| #define _GNU_SOURCE 1
| #define _POSIX_PTHREAD_SEMANTICS 1
| #define _TANDEM_SOURCE 1
| /* end confdefs.h.  */
| #include <stdarg.h>
| #include <stdbool.h>
| #include <stdlib.h>
| #include <wchar.h>
| #include <stdio.h>
| 
| // Check varargs macros.  These examples are taken from C99 6.10.3.5.
| #define debug(...) fprintf (stderr, __VA_ARGS__)
| #define showlist(...) puts (#__VA_ARGS__)
| #define report(test,...) ((test) ? puts (#test) : printf (__VA_ARGS__))
| static void
| test_varargs_macros (void)
| {
|   int x = 1234;
|   int y = 5678;
|   debug ("Flag");
|   debug ("X = %d\n", x);
|   showlist (The first, second, and third items.);
|   report (x>y, "x is %d but y is %d", x, y);
| }
| 
| // Check long long types.
| #define BIG64 18446744073709551615ull
| #define BIG32 4294967295ul
| #define BIG_OK (BIG64 / BIG32 == 4294967297ull && BIG64 % BIG32 == 0)
| #if !BIG_OK
|   your preprocessor is broken;
| #endif
| #if BIG_OK
| #else
|   your preprocessor is broken;
| #endif
| static long long int bignum = -9223372036854775807LL;
| static unsigned long long int ubignum = BIG64;
| 
| struct incomplete_array
| {
|   int datasize;
|   double data[];
| };
| 
| struct named_init {
|   int number;
|   const wchar_t *name;
|   double average;
| };
| 
| typedef const char *ccp;
| 
| static inline int
| test_restrict (ccp restrict text)
| {
|   // See if C++-style comments work.
|   // Iterate through items via the restricted pointer.
|   // Also check for declarations in for loops.
|   for (unsigned int i = 0; *(text+i) != '\0'; ++i)
|     continue;
|   return 0;
| }
| 
| // Check varargs and va_copy.
| static void
| test_varargs (const char *format, ...)
| {
|   va_list args;
|   va_start (args, format);
|   va_list args_copy;
|   va_copy (args_copy, args);
| 
|   const char *str;
|   int number;
|   float fnumber;
| 
|   while (*format)
|     {
|       switch (*format++)
| 	{
| 	case 's': // string
| 	  str = va_arg (args_copy, const char *);
| 	  break;
| 	case 'd': // int
| 	  number = va_arg (args_copy, int);
| 	  break;
| 	case 'f': // float
| 	  fnumber = va_arg (args_copy, double);
| 	  break;
| 	default:
| 	  break;
| 	}
|     }
|   va_end (args_copy);
|   va_end (args);
| }
| 
| int
| main ()
| {
| 
|   // Check bool.
|   _Bool success = false;
| 
|   // Check restrict.
|   if (test_restrict ("String literal") == 0)
|     success = true;
|   char *restrict newvar = "Another string";
| 
|   // Check varargs.
|   test_varargs ("s, d' f .", "string", 65, 34.234);
|   test_varargs_macros ();
| 
|   // Check flexible array members.
|   struct incomplete_array *ia =
|     malloc (sizeof (struct incomplete_array) + (sizeof (double) * 10));
|   ia->datasize = 10;
|   for (int i = 0; i < ia->datasize; ++i)
|     ia->data[i] = i * 1.234;
| 
|   // Check named initializers.
|   struct named_init ni = {
|     .number = 34,
|     .name = L"Test wide string",
|     .average = 543.34343,
|   };
| 
|   ni.number = 58;
| 
|   int dynamic_array[ni.number];
|   dynamic_array[ni.number - 1] = 543;
| 
|   // work around unused variable warnings
|   return (!success || bignum == 0LL || ubignum == 0uLL || newvar[0] == 'x'
| 	  || dynamic_array[ni.number - 1] != 543);
| 
|   ;
|   return 0;
| }
configure:5659: result: unsupported
configure:5669: checking for gcc option to accept ISO C89
configure:5745: result: none needed
configure:5764: checking for gcc option to accept ISO Standard C
configure:5775: result: none needed
configure:5788: checking how to run the C++ preprocessor
configure:5815: g++ -E  conftest.cpp
configure:5815: $? = 0
configure:5829: g++ -E  conftest.cpp
conftest.cpp:26:10: fatal error: ac_nonexistent.h: No such file or directory
 #include <ac_nonexistent.h>
          ^~~~~~~~~~~~~~~~~~
compilation terminated.
configure:5829: $? = 1
configure: failed program was:
| /* confdefs.h */
| #define PACKAGE_NAME "graph-tool"
| #define PACKAGE_TARNAME "graph-tool"
| #define PACKAGE_VERSION "2.27"
| #define PACKAGE_STRING "graph-tool 2.27"
| #define PACKAGE_BUGREPORT "http://graph-tool.skewed.de/issues"
| #define PACKAGE_URL "http://graph-tool.skewed.de"
| #define PACKAGE "graph-tool"
| #define VERSION "2.27"
| #define STDC_HEADERS 1
| #define HAVE_SYS_TYPES_H 1
| #define HAVE_SYS_STAT_H 1
| #define HAVE_STDLIB_H 1
| #define HAVE_STRING_H 1
| #define HAVE_MEMORY_H 1
| #define HAVE_STRINGS_H 1
| #define HAVE_INTTYPES_H 1
| #define HAVE_STDINT_H 1
| #define HAVE_UNISTD_H 1
| #define __EXTENSIONS__ 1
| #define _ALL_SOURCE 1
| #define _GNU_SOURCE 1
| #define _POSIX_PTHREAD_SEMANTICS 1
| #define _TANDEM_SOURCE 1
| /* end confdefs.h.  */
| #include <ac_nonexistent.h>
configure:5854: result: g++ -E
configure:5874: g++ -E  conftest.cpp
configure:5874: $? = 0
configure:5888: g++ -E  conftest.cpp
conftest.cpp:26:10: fatal error: ac_nonexistent.h: No such file or directory
 #include <ac_nonexistent.h>
          ^~~~~~~~~~~~~~~~~~
compilation terminated.
configure:5888: $? = 1
configure: failed program was:
| /* confdefs.h */
| #define PACKAGE_NAME "graph-tool"
| #define PACKAGE_TARNAME "graph-tool"
| #define PACKAGE_VERSION "2.27"
| #define PACKAGE_STRING "graph-tool 2.27"
| #define PACKAGE_BUGREPORT "http://graph-tool.skewed.de/issues"
| #define PACKAGE_URL "http://graph-tool.skewed.de"
| #define PACKAGE "graph-tool"
| #define VERSION "2.27"
| #define STDC_HEADERS 1
| #define HAVE_SYS_TYPES_H 1
| #define HAVE_SYS_STAT_H 1
| #define HAVE_STDLIB_H 1
| #define HAVE_STRING_H 1
| #define HAVE_MEMORY_H 1
| #define HAVE_STRINGS_H 1
| #define HAVE_INTTYPES_H 1
| #define HAVE_STDINT_H 1
| #define HAVE_UNISTD_H 1
| #define __EXTENSIONS__ 1
| #define _ALL_SOURCE 1
| #define _GNU_SOURCE 1
| #define _POSIX_PTHREAD_SEMANTICS 1
| #define _TANDEM_SOURCE 1
| /* end confdefs.h.  */
| #include <ac_nonexistent.h>
configure:5917: checking for ANSI C header files
configure:6021: result: yes
configure:6107: checking how to print strings
configure:6134: result: printf
configure:6155: checking for a sed that does not truncate output
configure:6219: result: /bin/sed
configure:6237: checking for fgrep
configure:6299: result: /bin/grep -F
configure:6334: checking for ld used by gcc
configure:6401: result: /usr/bin/ld
configure:6408: checking if the linker (/usr/bin/ld) is GNU ld
configure:6423: result: yes
configure:6435: checking for BSD- or MS-compatible name lister (nm)
configure:6489: result: /usr/bin/nm -B
configure:6619: checking the name lister (/usr/bin/nm -B) interface
configure:6626: g++ -c   conftest.cpp >&5
configure:6629: /usr/bin/nm -B "conftest.o"
configure:6632: output
0000000000000000 B some_variable
configure:6639: result: BSD nm
configure:6642: checking whether ln -s works
configure:6646: result: yes
configure:6654: checking the maximum length of command line arguments
configure:6785: result: 1572864
configure:6833: checking how to convert x86_64-pc-linux-gnu file names to x86_64-pc-linux-gnu format
configure:6873: result: func_convert_file_noop
configure:6880: checking how to convert x86_64-pc-linux-gnu file names to toolchain format
configure:6900: result: func_convert_file_noop
configure:6907: checking for /usr/bin/ld option to reload object files
configure:6914: result: -r
configure:6988: checking for objdump
configure:7004: found /usr/bin/objdump
configure:7015: result: objdump
configure:7047: checking how to recognize dependent libraries
configure:7247: result: pass_all
configure:7332: checking for dlltool
configure:7362: result: no
configure:7392: checking how to associate runtime and link libraries
configure:7419: result: printf %s\n
configure:7479: checking for ar
configure:7495: found /usr/bin/ar
configure:7506: result: ar
configure:7543: checking for archiver @FILE support
configure:7560: g++ -c   conftest.cpp >&5
configure:7560: $? = 0
configure:7563: ar cru libconftest.a @conftest.lst >&5
ar: `u' modifier ignored since `D' is the default (see `U')
configure:7566: $? = 0
configure:7571: ar cru libconftest.a @conftest.lst >&5
ar: `u' modifier ignored since `D' is the default (see `U')
ar: conftest.o: No such file or directory
configure:7574: $? = 1
configure:7586: result: @
configure:7644: checking for strip
configure:7660: found /usr/bin/strip
configure:7671: result: strip
configure:7743: checking for ranlib
configure:7759: found /usr/bin/ranlib
configure:7770: result: ranlib
configure:7872: checking command to parse /usr/bin/nm -B output from gcc object
configure:8025: g++ -c   conftest.cpp >&5
configure:8028: $? = 0
configure:8032: /usr/bin/nm -B conftest.o \| sed -n -e 's/^.*[ ]\([ABCDGIRSTW][ABCDGIRSTW]*\)[ ][ ]*\([_A-Za-z][_A-Za-z0-9]*\)$/\1 \2 \2/p' | sed '/ __gnu_lto/d' \> conftest.nm
configure:8035: $? = 0
configure:8101: g++ -o conftest    conftest.cpp conftstm.o >&5
configure:8104: $? = 0
configure:8142: result: ok
configure:8189: checking for sysroot
configure:8219: result: no
configure:8226: checking for a working dd
configure:8264: result: /bin/dd
configure:8268: checking how to truncate binary pipes
configure:8283: result: /bin/dd bs=4096 count=1
configure:8419: g++ -c   conftest.cpp >&5
configure:8422: $? = 0
configure:8612: checking for mt
configure:8628: found /bin/mt
configure:8639: result: mt
configure:8662: checking if mt is a manifest tool
configure:8668: mt '-?'
configure:8676: result: no
configure:9350: checking for dlfcn.h
configure:9350: g++ -c   conftest.cpp >&5
configure:9350: $? = 0
configure:9350: result: yes
configure:9586: checking for objdir
configure:9601: result: .libs
configure:9861: checking if gcc supports -fno-rtti -fno-exceptions
configure:9879: gcc -c -g -O2  -fno-rtti -fno-exceptions conftest.c >&5
cc1: warning: command line option '-fno-rtti' is valid for C++/ObjC++ but not for C
configure:9883: $? = 0
configure:9896: result: no
configure:10254: checking for gcc option to produce PIC
configure:10261: result: -fPIC -DPIC
configure:10269: checking if gcc PIC flag -fPIC -DPIC works
configure:10287: gcc -c -g -O2  -fPIC -DPIC -DPIC conftest.c >&5
configure:10291: $? = 0
configure:10304: result: yes
configure:10333: checking if gcc static flag -static works
configure:10361: result: yes
configure:10376: checking if gcc supports -c -o file.o
configure:10397: gcc -c -g -O2  -o out/conftest2.o conftest.c >&5
configure:10401: $? = 0
configure:10423: result: yes
configure:10431: checking if gcc supports -c -o file.o
configure:10478: result: yes
configure:10511: checking whether the gcc linker (/usr/bin/ld -m elf_x86_64) supports shared libraries
configure:11774: result: yes
configure:11811: checking whether -lc should be explicitly linked in
configure:11819: gcc -c -g -O2  conftest.c >&5
configure:11822: $? = 0
configure:11837: gcc -shared  -fPIC -DPIC conftest.o  -v -Wl,-soname -Wl,conftest -o conftest 2\>\&1 \| /bin/grep  -lc  \>/dev/null 2\>\&1
configure:11840: $? = 0
configure:11854: result: no
configure:12014: checking dynamic linker characteristics
configure:12595: gcc -o conftest -g -O2   -Wl,-rpath -Wl,/foo conftest.c  >&5
configure:12595: $? = 0
configure:12844: result: GNU/Linux ld.so
configure:12966: checking how to hardcode library paths into programs
configure:12991: result: immediate
configure:13539: checking whether stripping libraries is possible
configure:13544: result: yes
configure:13579: checking if libtool supports shared libraries
configure:13581: result: yes
configure:13584: checking whether to build shared libraries
configure:13609: result: yes
configure:13612: checking whether to build static libraries
configure:13616: result: no
configure:13639: checking how to run the C++ preprocessor
configure:13705: result: g++ -E
configure:13725: g++ -E  conftest.cpp
configure:13725: $? = 0
configure:13739: g++ -E  conftest.cpp
conftest.cpp:29:10: fatal error: ac_nonexistent.h: No such file or directory
 #include <ac_nonexistent.h>
          ^~~~~~~~~~~~~~~~~~
compilation terminated.
configure:13739: $? = 1
configure: failed program was:
| /* confdefs.h */
| #define PACKAGE_NAME "graph-tool"
| #define PACKAGE_TARNAME "graph-tool"
| #define PACKAGE_VERSION "2.27"
| #define PACKAGE_STRING "graph-tool 2.27"
| #define PACKAGE_BUGREPORT "http://graph-tool.skewed.de/issues"
| #define PACKAGE_URL "http://graph-tool.skewed.de"
| #define PACKAGE "graph-tool"
| #define VERSION "2.27"
| #define STDC_HEADERS 1
| #define HAVE_SYS_TYPES_H 1
| #define HAVE_SYS_STAT_H 1
| #define HAVE_STDLIB_H 1
| #define HAVE_STRING_H 1
| #define HAVE_MEMORY_H 1
| #define HAVE_STRINGS_H 1
| #define HAVE_INTTYPES_H 1
| #define HAVE_STDINT_H 1
| #define HAVE_UNISTD_H 1
| #define __EXTENSIONS__ 1
| #define _ALL_SOURCE 1
| #define _GNU_SOURCE 1
| #define _POSIX_PTHREAD_SEMANTICS 1
| #define _TANDEM_SOURCE 1
| #define STDC_HEADERS 1
| #define HAVE_DLFCN_H 1
| #define LT_OBJDIR ".libs/"
| /* end confdefs.h.  */
| #include <ac_nonexistent.h>
configure:13901: checking for ld used by g++
configure:13968: result: /usr/bin/ld -m elf_x86_64
configure:13975: checking if the linker (/usr/bin/ld -m elf_x86_64) is GNU ld
configure:13990: result: yes
configure:14045: checking whether the g++ linker (/usr/bin/ld -m elf_x86_64) supports shared libraries
configure:15118: result: yes
configure:15154: g++ -c   conftest.cpp >&5
configure:15157: $? = 0
configure:15638: checking for g++ option to produce PIC
configure:15645: result: -fPIC -DPIC
configure:15653: checking if g++ PIC flag -fPIC -DPIC works
configure:15671: g++ -c   -fPIC -DPIC -DPIC conftest.cpp >&5
configure:15675: $? = 0
configure:15688: result: yes
configure:15711: checking if g++ static flag -static works
configure:15739: result: yes
configure:15751: checking if g++ supports -c -o file.o
configure:15772: g++ -c   -o out/conftest2.o conftest.cpp >&5
configure:15776: $? = 0
configure:15798: result: yes
configure:15803: checking if g++ supports -c -o file.o
configure:15850: result: yes
configure:15880: checking whether the g++ linker (/usr/bin/ld -m elf_x86_64) supports shared libraries
configure:15923: result: yes
configure:16064: checking dynamic linker characteristics
configure:16821: result: GNU/Linux ld.so
configure:16886: checking how to hardcode library paths into programs
configure:16911: result: immediate
configure:17028: checking for pkg-config
configure:17046: found /usr/bin/pkg-config
configure:17058: result: /usr/bin/pkg-config
configure:17083: checking pkg-config is at least version 0.9.0
configure:17086: result: yes
configure:17117: checking whether g++ supports C++14 features by default
configure:17531: g++ -c   conftest.cpp >&5
configure:17531: $? = 0
configure:17538: result: yes
configure:18015: checking whether to enable debug info
configure:18034: result: no
configure:18048: checking whether to enable parallel algorithms with openmp
configure:18136: checking for OpenMP flag of C++ compiler
configure:18181: g++ -o conftest -O3 -fvisibility=default -fvisibility-inlines-hidden -Wno-deprecated -Wall -Wextra -ftemplate-backtrace-limit=0  -fopenmp -DNDEBUG   conftest.cpp  >&5
configure:18181: $? = 0
configure:18190: result: -fopenmp
configure:18214: checking whether to enable cairo drawing
configure:18227: result: yes
configure:18322: checking for Expat XML Parser headers in /usr/include
configure:18346: g++ -c -fopenmp -O3 -fvisibility=default -fvisibility-inlines-hidden -Wno-deprecated -Wall -Wextra -ftemplate-backtrace-limit=0  -DNDEBUG  -I/usr/include conftest.cpp >&5
configure:18346: $? = 0
configure:18350: result: found
configure:18371: checking for Expat XML Parser libraries
configure:18399: g++ -o conftest -fopenmp -O3 -fvisibility=default -fvisibility-inlines-hidden -Wno-deprecated -Wall -Wextra -ftemplate-backtrace-limit=0  -DNDEBUG  -I/usr/include  -L/usr/lib conftest.cpp  -lexpat >&5
configure:18399: $? = 0
configure:18404: result: found
configure:18430: checking for Expat XML Parser
configure:18445: result: yes
configure:18558: checking for a Python interpreter with version >= 2.7
configure:18575: python -c import sys # split strings by '.' and convert to numeric. Append some zeros # because we need at least 4 digits for the hex conversion. # map returns an iterator in Python 3.0 and a list in 2.x minver = list(map(int, '2.7'.split('.'))) + [0, 0, 0] minverhex = 0 # xrange is not present in Python 3.0 and range returns an iterator for i in list(range(0, 4)): minverhex = (minverhex << 8) + minver[i] sys.exit(sys.hexversion < minverhex)
configure:18578: $? = 0
configure:18584: result: python
configure:18592: checking for python
configure:18610: found /usr/bin/python
configure:18622: result: /usr/bin/python
configure:18640: checking for python version
configure:18647: result: 2.7
configure:18659: checking for python platform
configure:18666: result: linux2
configure:18692: checking for python script directory
configure:18727: result: ${prefix}/lib/python2.7/dist-packages
configure:18736: checking for python extension module directory
configure:18771: result: ${exec_prefix}/lib/python2.7/dist-packages
configure:18795: checking for python2.7
configure:18825: result: /usr/bin/python
configure:18841: checking for a version of Python >= '2.1.0'
configure:18867: result: yes
configure:18875: checking for a version of Python == '2.7.15+'
configure:18881: result: yes
configure:18898: checking for the distutils Python package
configure:18902: result: yes
configure:18916: checking for Python include path
configure:18932: result: -I/usr/include/python2.7
configure:18939: checking for Python library path
configure:19016: result: -L/usr/lib -lpython2.7
configure:19023: checking for Python site-packages path
configure:19029: result: /usr/lib/python2.7/dist-packages
configure:19036: checking python extra libraries
configure:19043: result: -lpthread -ldl  -lutil -lm
configure:19050: checking python extra linking flags
configure:19057: result: -Xlinker -export-dynamic -Wl,-O1 -Wl,-Bsymbolic-functions
configure:19064: checking consistency of all components of python development environment
configure:19092: gcc -o conftest -g -O2 -DNDEBUG  -I/usr/include/python2.7  -Xlinker -export-dynamic -Wl,-O1 -Wl,-Bsymbolic-functions conftest.c  -L/usr/lib -lpython2.7 -lpthread -ldl  -lutil -lm -lpthread -ldl  -lutil -lm >&5
configure:19092: $? = 0
configure:19110: result: yes
configure:19286: checking for boostlib >= 1.55.0 (105500)
configure:19318: g++ -c -fopenmp -O3 -fvisibility=default -fvisibility-inlines-hidden -Wno-deprecated -Wall -Wextra -ftemplate-backtrace-limit=0  -DNDEBUG  -I/usr/include conftest.cpp >&5
configure:19318: $? = 0
configure:19320: result: yes
configure:19511: checking whether the Boost::Python library is available
configure:19529: g++ -c -fopenmp -O3 -fvisibility=default -fvisibility-inlines-hidden -Wno-deprecated -Wall -Wextra -ftemplate-backtrace-limit=0  -I/usr/include -I/usr/include/python2.7 -DNDEBUG  conftest.cpp >&5
configure:19529: $? = 0
configure:19537: result: yes
configure:19556: checking whether boost_python is the correct library
configure:19575: g++ -o conftest -fopenmp -O3 -fvisibility=default -fvisibility-inlines-hidden -Wno-deprecated -Wall -Wextra -ftemplate-backtrace-limit=0  -I/usr/include -I/usr/include/python2.7 -DNDEBUG  -L/usr/lib/x86_64-linux-gnu  conftest.cpp -lboost_python  -L/usr/lib -lpython2.7 >&5
configure:19575: $? = 0
configure:19584: result: yes
configure:19636: checking whether the Boost::IOStreams library is available
configure:19664: g++ -c -fopenmp -O3 -fvisibility=default -fvisibility-inlines-hidden -Wno-deprecated -Wall -Wextra -ftemplate-backtrace-limit=0  -DNDEBUG  -I/usr/include conftest.cpp >&5
configure:19664: $? = 0
configure:19678: result: yes
configure:19689: checking for exit in -lboost_iostreams
configure:19714: g++ -o conftest -fopenmp -O3 -fvisibility=default -fvisibility-inlines-hidden -Wno-deprecated -Wall -Wextra -ftemplate-backtrace-limit=0  -DNDEBUG  -I/usr/include  -L/usr/lib/x86_64-linux-gnu conftest.cpp -lboost_iostreams   >&5
conftest.cpp:43:6: warning: declaration of 'char exit()' conflicts with built-in declaration 'void exit(int)' [-Wbuiltin-declaration-mismatch]
 char exit ();
      ^~~~
configure:19714: $? = 0
configure:19724: result: yes
configure:19872: checking whether the Boost::Regex library is available
configure:19895: g++ -c -fopenmp -O3 -fvisibility=default -fvisibility-inlines-hidden -Wno-deprecated -Wall -Wextra -ftemplate-backtrace-limit=0  -DNDEBUG  -I/usr/include conftest.cpp >&5
configure:19895: $? = 0
configure:19909: result: yes
configure:19920: checking for exit in -lboost_regex
configure:19945: g++ -o conftest -fopenmp -O3 -fvisibility=default -fvisibility-inlines-hidden -Wno-deprecated -Wall -Wextra -ftemplate-backtrace-limit=0  -DNDEBUG  -I/usr/include  -L/usr/lib/x86_64-linux-gnu conftest.cpp -lboost_regex   >&5
conftest.cpp:44:6: warning: declaration of 'char exit()' conflicts with built-in declaration 'void exit(int)' [-Wbuiltin-declaration-mismatch]
 char exit ();
      ^~~~
configure:19945: $? = 0
configure:19955: result: yes
configure:20104: checking whether the Boost::Context library is available
configure:20128: g++ -c -fopenmp -O3 -fvisibility=default -fvisibility-inlines-hidden -Wno-deprecated -Wall -Wextra -ftemplate-backtrace-limit=0  -DNDEBUG  -I/usr/include conftest.cpp >&5
configure:20128: $? = 0
configure:20143: result: yes
configure:20158: checking for exit in -lboost_context
configure:20183: g++ -o conftest -fopenmp -O3 -fvisibility=default -fvisibility-inlines-hidden -Wno-deprecated -Wall -Wextra -ftemplate-backtrace-limit=0  -DNDEBUG  -I/usr/include  -L/usr/lib/x86_64-linux-gnu conftest.cpp -lboost_context   >&5
conftest.cpp:45:6: warning: declaration of 'char exit()' conflicts with built-in declaration 'void exit(int)' [-Wbuiltin-declaration-mismatch]
 char exit ();
      ^~~~
configure:20183: $? = 0
configure:20193: result: yes
configure:20352: checking whether the Boost::Coroutine library is available
configure:20376: g++ -c -fopenmp -O3 -fvisibility=default -fvisibility-inlines-hidden -Wno-deprecated -Wall -Wextra -ftemplate-backtrace-limit=0  -DNDEBUG  -I/usr/include conftest.cpp >&5
In file included from /usr/include/boost/coroutine/standard_stack_allocator.hpp:21,
                 from /usr/include/boost/coroutine/stack_allocator.hpp:16,
                 from /usr/include/boost/coroutine/attributes.hpp:15,
                 from /usr/include/boost/coroutine/all.hpp:10,
                 from conftest.cpp:38:
/usr/include/boost/coroutine/detail/config.hpp:17:4: warning: #warning "Boost.Coroutine is now deprecated. Please switch to Boost.Coroutine2. To disable this warning message, define BOOST_COROUTINES_NO_DEPRECATION_WARNING." [-Wcpp]
 #  warning                  "Boost.Coroutine is now deprecated. Please switch to Boost.Coroutine2. To disable this warning message, define BOOST_COROUTINES_NO_DEPRECATION_WARNING."
    ^~~~~~~
In file included from /usr/include/boost/coroutine/coroutine.hpp:10,
                 from /usr/include/boost/coroutine/all.hpp:11,
                 from conftest.cpp:38:
/usr/include/boost/coroutine/asymmetric_coroutine.hpp:14:4: warning: #warning "Boost.Coroutine is now deprecated. Please switch to Boost.Coroutine2. To disable this warning message, define BOOST_COROUTINES_NO_DEPRECATION_WARNING." [-Wcpp]
 #  warning "Boost.Coroutine is now deprecated. Please switch to Boost.Coroutine2. To disable this warning message, define BOOST_COROUTINES_NO_DEPRECATION_WARNING."
    ^~~~~~~
In file included from /usr/include/boost/coroutine/coroutine.hpp:11,
                 from /usr/include/boost/coroutine/all.hpp:11,
                 from conftest.cpp:38:
/usr/include/boost/coroutine/symmetric_coroutine.hpp:14:4: warning: #warning "Boost.Coroutine is now deprecated. Please switch to Boost.Coroutine2. To disable this warning message, define BOOST_COROUTINES_NO_DEPRECATION_WARNING." [-Wcpp]
 #  warning "Boost.Coroutine is now deprecated. Please switch to Boost.Coroutine2. To disable this warning message, define BOOST_COROUTINES_NO_DEPRECATION_WARNING."
    ^~~~~~~
conftest.cpp: In function 'int main()':
conftest.cpp:42:40: warning: unused variable 'f' [-Wunused-variable]
 boost::coroutines::coroutine< void() > f;
                                        ^
configure:20376: $? = 0
configure:20391: result: yes
configure:20406: checking for exit in -lboost_coroutine
configure:20431: g++ -o conftest -fopenmp -O3 -fvisibility=default -fvisibility-inlines-hidden -Wno-deprecated -Wall -Wextra -ftemplate-backtrace-limit=0  -DNDEBUG  -I/usr/include  -L/usr/lib/x86_64-linux-gnu conftest.cpp -lboost_coroutine   >&5
conftest.cpp:46:6: warning: declaration of 'char exit()' conflicts with built-in declaration 'void exit(int)' [-Wbuiltin-declaration-mismatch]
 char exit ();
      ^~~~
configure:20431: $? = 0
configure:20441: result: yes
configure:20601: checking whether the Boost::Graph library is available
configure:20623: g++ -c -fopenmp -O3 -fvisibility=default -fvisibility-inlines-hidden -Wno-deprecated -Wall -Wextra -ftemplate-backtrace-limit=0  -DNDEBUG  -I/usr/include conftest.cpp >&5
configure:20623: $? = 0
configure:20637: result: yes
configure:20648: checking for exit in -lboost_graph
configure:20673: g++ -o conftest -fopenmp -O3 -fvisibility=default -fvisibility-inlines-hidden -Wno-deprecated -Wall -Wextra -ftemplate-backtrace-limit=0  -DNDEBUG  -I/usr/include  -L/usr/lib/x86_64-linux-gnu conftest.cpp -lboost_graph   >&5
conftest.cpp:48:6: warning: declaration of 'char exit()' conflicts with built-in declaration 'void exit(int)' [-Wbuiltin-declaration-mismatch]
 char exit ();
      ^~~~
configure:20673: $? = 0
configure:20683: result: yes
configure:20830: checking whether the Boost::Thread library is available
configure:20863: g++ -c -pthread -fopenmp -O3 -fvisibility=default -fvisibility-inlines-hidden -Wno-deprecated -Wall -Wextra -ftemplate-backtrace-limit=0  -DNDEBUG  -I/usr/include conftest.cpp >&5
configure:20863: $? = 0
configure:20878: result: yes
configure:20907: checking for exit in -lboost_thread
configure:20932: g++ -o conftest -fopenmp -O3 -fvisibility=default -fvisibility-inlines-hidden -Wno-deprecated -Wall -Wextra -ftemplate-backtrace-limit=0  -DNDEBUG  -I/usr/include  -L/usr/lib/x86_64-linux-gnu conftest.cpp -lboost_thread   >&5
conftest.cpp:49:6: warning: declaration of 'char exit()' conflicts with built-in declaration 'void exit(int)' [-Wbuiltin-declaration-mismatch]
 char exit ();
      ^~~~
configure:20932: $? = 0
configure:20942: result: yes
configure:21088: checking for __gmpz_init in -lgmp
configure:21113: g++ -o conftest -fopenmp -O3 -fvisibility=default -fvisibility-inlines-hidden -Wno-deprecated -Wall -Wextra -ftemplate-backtrace-limit=0  -DNDEBUG   conftest.cpp -lgmp   >&5
configure:21113: $? = 0
configure:21122: result: yes
configure:21154: checking for __gmpz_init in -lgmp
configure:21188: result: yes
configure:21213: checking whether CGAL is available in /usr
configure:21249: g++ -o conftest -fopenmp -O3 -fvisibility=default -fvisibility-inlines-hidden -Wno-deprecated -Wall -Wextra -ftemplate-backtrace-limit=0  -DNDEBUG  -I/usr/include -pthread -I/usr/include  -L/usr/lib -lCGAL -lCGAL_Core -lgmp -lboost_thread -lpthread conftest.cpp -lgmp -lgmp  >&5
configure:21249: $? = 0
configure:21249: ./conftest
configure:21249: $? = 0
configure:21265: result: yes
configure:21296: checking whether to enable cgal debbuging with valgrind
configure:21309: result: no
configure:21327: checking python module: numpy
configure:21336: result: no
configure:21342: error: failed to find required module numpy

## ---------------- ##
## Cache variables. ##
## ---------------- ##

ac_cv_boost_python=yes
ac_cv_build=x86_64-pc-linux-gnu
ac_cv_c_compiler_gnu=yes
ac_cv_cxx_compiler_gnu=yes
ac_cv_env_CAIROMM_CFLAGS_set=
ac_cv_env_CAIROMM_CFLAGS_value=
ac_cv_env_CAIROMM_LIBS_set=
ac_cv_env_CAIROMM_LIBS_value=
ac_cv_env_CCC_set=
ac_cv_env_CCC_value=
ac_cv_env_CC_set=
ac_cv_env_CC_value=
ac_cv_env_CFLAGS_set=
ac_cv_env_CFLAGS_value=
ac_cv_env_CPPFLAGS_set=
ac_cv_env_CPPFLAGS_value=
ac_cv_env_CPP_set=
ac_cv_env_CPP_value=
ac_cv_env_CXXCPP_set=
ac_cv_env_CXXCPP_value=
ac_cv_env_CXXFLAGS_set=
ac_cv_env_CXXFLAGS_value=
ac_cv_env_CXX_set=
ac_cv_env_CXX_value=
ac_cv_env_LDFLAGS_set=
ac_cv_env_LDFLAGS_value=
ac_cv_env_LIBS_set=
ac_cv_env_LIBS_value=
ac_cv_env_LT_SYS_LIBRARY_PATH_set=
ac_cv_env_LT_SYS_LIBRARY_PATH_value=
ac_cv_env_PKG_CONFIG_LIBDIR_set=
ac_cv_env_PKG_CONFIG_LIBDIR_value=
ac_cv_env_PKG_CONFIG_PATH_set=
ac_cv_env_PKG_CONFIG_PATH_value=
ac_cv_env_PKG_CONFIG_set=
ac_cv_env_PKG_CONFIG_value=
ac_cv_env_PYTHON_VERSION_set=
ac_cv_env_PYTHON_VERSION_value=
ac_cv_env_PYTHON_set=
ac_cv_env_PYTHON_value=
ac_cv_env_SPARSEHASH_CFLAGS_set=
ac_cv_env_SPARSEHASH_CFLAGS_value=
ac_cv_env_SPARSEHASH_LIBS_set=
ac_cv_env_SPARSEHASH_LIBS_value=
ac_cv_env_build_alias_set=
ac_cv_env_build_alias_value=
ac_cv_env_host_alias_set=
ac_cv_env_host_alias_value=
ac_cv_env_target_alias_set=
ac_cv_env_target_alias_value=
ac_cv_header_dlfcn_h=yes
ac_cv_header_inttypes_h=yes
ac_cv_header_memory_h=yes
ac_cv_header_minix_config_h=no
ac_cv_header_stdc=yes
ac_cv_header_stdint_h=yes
ac_cv_header_stdlib_h=yes
ac_cv_header_string_h=yes
ac_cv_header_strings_h=yes
ac_cv_header_sys_stat_h=yes
ac_cv_header_sys_types_h=yes
ac_cv_header_unistd_h=yes
ac_cv_host=x86_64-pc-linux-gnu
ac_cv_lib_boost_context___exit=yes
ac_cv_lib_boost_coroutine___exit=yes
ac_cv_lib_boost_graph___exit=yes
ac_cv_lib_boost_iostreams___exit=yes
ac_cv_lib_boost_regex___exit=yes
ac_cv_lib_boost_thread___exit=yes
ac_cv_lib_gmp___gmpz_init=yes
ac_cv_objext=o
ac_cv_path_EGREP='/bin/grep -E'
ac_cv_path_FGREP='/bin/grep -F'
ac_cv_path_GREP=/bin/grep
ac_cv_path_PYTHON=/usr/bin/python
ac_cv_path_SED=/bin/sed
ac_cv_path_ac_pt_PKG_CONFIG=/usr/bin/pkg-config
ac_cv_path_install='/usr/bin/install -c'
ac_cv_path_lt_DD=/bin/dd
ac_cv_path_mkdir=/bin/mkdir
ac_cv_prog_AWK=mawk
ac_cv_prog_CPP='gcc -E'
ac_cv_prog_CXXCPP='g++ -E'
ac_cv_prog_ac_ct_AR=ar
ac_cv_prog_ac_ct_CC=gcc
ac_cv_prog_ac_ct_CXX=g++
ac_cv_prog_ac_ct_MANIFEST_TOOL=mt
ac_cv_prog_ac_ct_OBJDUMP=objdump
ac_cv_prog_ac_ct_RANLIB=ranlib
ac_cv_prog_ac_ct_STRIP=strip
ac_cv_prog_cc_c89=
ac_cv_prog_cc_c99=no
ac_cv_prog_cc_g=yes
ac_cv_prog_cc_stdc=
ac_cv_prog_cxx_g=yes
ac_cv_prog_make_make_set=yes
ac_cv_safe_to_define___extensions__=yes
ac_cv_search_strerror='none required'
ac_cv_target=x86_64-pc-linux-gnu
am_cv_CC_dependencies_compiler_type=gcc3
am_cv_CXX_dependencies_compiler_type=gcc3
am_cv_make_support_nested_variables=yes
am_cv_pathless_PYTHON=python
am_cv_prog_cc_c_o=yes
am_cv_prog_tar_pax=gnutar
am_cv_python_platform=linux2
am_cv_python_pyexecdir='${exec_prefix}/lib/python2.7/dist-packages'
am_cv_python_pythondir='${prefix}/lib/python2.7/dist-packages'
am_cv_python_version=2.7
ax_cv_boost_context=yes
ax_cv_boost_coroutine=yes
ax_cv_boost_graph=yes
ax_cv_boost_iostreams=yes
ax_cv_boost_regex=yes
ax_cv_boost_thread=yes
ax_cv_cxx_compile_cxx14=yes
ax_cv_cxx_openmp=-fopenmp
ax_cv_lib_boost_python___BOOST_PYTHON_MODULE=yes
lt_cv_ar_at_file=@
lt_cv_archive_cmds_need_lc=no
lt_cv_deplibs_check_method=pass_all
lt_cv_file_magic_cmd='$MAGIC_CMD'
lt_cv_file_magic_test_file=
lt_cv_ld_reload_flag=-r
lt_cv_nm_interface='BSD nm'
lt_cv_objdir=.libs
lt_cv_path_LD=/usr/bin/ld
lt_cv_path_LDCXX='/usr/bin/ld -m elf_x86_64'
lt_cv_path_NM='/usr/bin/nm -B'
lt_cv_path_mainfest_tool=no
lt_cv_prog_compiler_c_o=yes
lt_cv_prog_compiler_c_o_CXX=yes
lt_cv_prog_compiler_pic='-fPIC -DPIC'
lt_cv_prog_compiler_pic_CXX='-fPIC -DPIC'
lt_cv_prog_compiler_pic_works=yes
lt_cv_prog_compiler_pic_works_CXX=yes
lt_cv_prog_compiler_rtti_exceptions=no
lt_cv_prog_compiler_static_works=yes
lt_cv_prog_compiler_static_works_CXX=yes
lt_cv_prog_gnu_ld=yes
lt_cv_prog_gnu_ldcxx=yes
lt_cv_sharedlib_from_linklib_cmd='printf %s\n'
lt_cv_shlibpath_overrides_runpath=yes
lt_cv_sys_global_symbol_pipe='sed -n -e '\''s/^.*[	 ]\([ABCDGIRSTW][ABCDGIRSTW]*\)[	 ][	 ]*\([_A-Za-z][_A-Za-z0-9]*\)$/\1 \2 \2/p'\'' | sed '\''/ __gnu_lto/d'\'''
lt_cv_sys_global_symbol_to_c_name_address='sed -n -e '\''s/^: \(.*\) .*$/  {"\1", (void *) 0},/p'\'' -e '\''s/^[ABCDGIRSTW][ABCDGIRSTW]* .* \(.*\)$/  {"\1", (void *) \&\1},/p'\'''
lt_cv_sys_global_symbol_to_c_name_address_lib_prefix='sed -n -e '\''s/^: \(.*\) .*$/  {"\1", (void *) 0},/p'\'' -e '\''s/^[ABCDGIRSTW][ABCDGIRSTW]* .* \(lib.*\)$/  {"\1", (void *) \&\1},/p'\'' -e '\''s/^[ABCDGIRSTW][ABCDGIRSTW]* .* \(.*\)$/  {"lib\1", (void *) \&\1},/p'\'''
lt_cv_sys_global_symbol_to_cdecl='sed -n -e '\''s/^T .* \(.*\)$/extern int \1();/p'\'' -e '\''s/^[ABCDGIRSTW][ABCDGIRSTW]* .* \(.*\)$/extern char \1;/p'\'''
lt_cv_sys_global_symbol_to_import=
lt_cv_sys_max_cmd_len=1572864
lt_cv_to_host_file_cmd=func_convert_file_noop
lt_cv_to_tool_file_cmd=func_convert_file_noop
lt_cv_truncate_bin='/bin/dd bs=4096 count=1'

## ----------------- ##
## Output variables. ##
## ----------------- ##

ACLOCAL='${SHELL} /home/zzl/Desktop/PyTPG-master/CSCI-3154/graph-tool-2.27/build-aux/missing aclocal-1.16'
AMDEPBACKSLASH='\'
AMDEP_FALSE='#'
AMDEP_TRUE=''
AMTAR='$${TAR-tar}'
AM_BACKSLASH='\'
AM_DEFAULT_V='$(AM_DEFAULT_VERBOSITY)'
AM_DEFAULT_VERBOSITY='0'
AM_V='$(V)'
AR='ar'
AUTOCONF='${SHELL} /home/zzl/Desktop/PyTPG-master/CSCI-3154/graph-tool-2.27/build-aux/missing autoconf'
AUTOHEADER='${SHELL} /home/zzl/Desktop/PyTPG-master/CSCI-3154/graph-tool-2.27/build-aux/missing autoheader'
AUTOMAKE='${SHELL} /home/zzl/Desktop/PyTPG-master/CSCI-3154/graph-tool-2.27/build-aux/missing automake-1.16'
AWK='mawk'
BOOST_CONTEXT_LIB='-lboost_context'
BOOST_COROUTINE_LIB='-lboost_coroutine'
BOOST_CPPFLAGS='-pthread -I/usr/include'
BOOST_GRAPH_LIB='-lboost_graph'
BOOST_IOSTREAMS_LIB='-lboost_iostreams'
BOOST_LDFLAGS='-L/usr/lib/x86_64-linux-gnu'
BOOST_PYTHON_LIB='boost_python'
BOOST_REGEX_LIB='-lboost_regex'
BOOST_THREAD_LIB='-lboost_thread -lpthread'
CAIROMM_CFLAGS=''
CAIROMM_LIBS=''
CC='gcc'
CCDEPMODE='depmode=gcc3'
CFLAGS='-g -O2'
CGAL_CPPFLAGS='-I/usr/include'
CGAL_FLAGS='-frounding-math'
CGAL_LDFLAGS='-L/usr/lib -lCGAL -lCGAL_Core -lgmp -lboost_thread -lpthread'
CPP='gcc -E'
CPPFLAGS='-DNDEBUG '
CXX='g++'
CXXCPP='g++ -E'
CXXDEPMODE='depmode=gcc3'
CXXFLAGS='-fopenmp -O3 -fvisibility=default -fvisibility-inlines-hidden -Wno-deprecated -Wall -Wextra -ftemplate-backtrace-limit=0 '
CYGPATH_W='echo'
DEFS=''
DEPDIR='.deps'
DLLTOOL='false'
DSYMUTIL=''
DUMPBIN=''
ECHO_C=''
ECHO_N='-n'
ECHO_T=''
EGREP='/bin/grep -E'
EXEEXT=''
EXPAT_CFLAGS='-I/usr/include'
EXPAT_LDFLAGS='-L/usr/lib'
EXPAT_LIBS='-lexpat'
EXPAT_VERSION=''
FGREP='/bin/grep -F'
GRAPH_TOOL_VERSION_MAJOR='2'
GRAPH_TOOL_VERSION_MINOR='27'
GREP='/bin/grep'
HAVE_CXX14='1'
INSTALL_DATA='${INSTALL} -m 644'
INSTALL_PROGRAM='${INSTALL}'
INSTALL_SCRIPT='${INSTALL}'
INSTALL_STRIP_PROGRAM='$(install_sh) -c -s'
LD='/usr/bin/ld -m elf_x86_64'
LDFLAGS=''
LIBOBJS=''
LIBS='-lgmp -lgmp '
LIBTOOL='$(SHELL) $(top_builddir)/libtool'
LIPO=''
LN_S='ln -s'
LTLIBOBJS=''
LT_SYS_LIBRARY_PATH=''
MAKEINFO='${SHELL} /home/zzl/Desktop/PyTPG-master/CSCI-3154/graph-tool-2.27/build-aux/missing makeinfo'
MANIFEST_TOOL=':'
MKDIR_P='/bin/mkdir -p'
MOD_CPPFLAGS=''
MOD_DIR='/usr/lib/python2.7/dist-packages/graph_tool'
MOD_LDFLAGS=''
MOD_LIBADD=''
NM='/usr/bin/nm -B'
NMEDIT=''
NO_PREFIX_PACKAGE_DATA_DIR=''
NO_PREFIX_PACKAGE_DOC_DIR=''
OBJDUMP='objdump'
OBJEXT='o'
OTOOL64=''
OTOOL=''
PACKAGE='graph-tool'
PACKAGE_BUGREPORT='http://graph-tool.skewed.de/issues'
PACKAGE_DATA_DIR=''
PACKAGE_DOC_DIR=''
PACKAGE_NAME='graph-tool'
PACKAGE_STRING='graph-tool 2.27'
PACKAGE_TARNAME='graph-tool'
PACKAGE_URL='http://graph-tool.skewed.de'
PACKAGE_VERSION='2.27'
PATH_SEPARATOR=':'
PKG_CONFIG='/usr/bin/pkg-config'
PKG_CONFIG_LIBDIR=''
PKG_CONFIG_PATH=''
PYTHON='/usr/bin/python'
PYTHON_CPPFLAGS='-I/usr/include/python2.7'
PYTHON_EXEC_PREFIX='${exec_prefix}'
PYTHON_EXTRA_LDFLAGS='-Xlinker -export-dynamic -Wl,-O1 -Wl,-Bsymbolic-functions'
PYTHON_EXTRA_LIBS='-lpthread -ldl  -lutil -lm'
PYTHON_FULL_VERSION='2.7.15+'
PYTHON_LIBS='-L/usr/lib -lpython2.7'
PYTHON_PLATFORM='linux2'
PYTHON_PREFIX='${prefix}'
PYTHON_SITE_PKG='/usr/lib/python2.7/dist-packages'
PYTHON_VERSION='2.7'
RANLIB='ranlib'
SED='/bin/sed'
SET_MAKE=''
SHELL='/bin/bash'
SPARSEHASH_CFLAGS=''
SPARSEHASH_LIBS=''
STRIP='strip'
VERSION='2.27'
ac_ct_AR='ar'
ac_ct_CC='gcc'
ac_ct_CXX='g++'
ac_ct_DUMPBIN=''
am__EXEEXT_FALSE=''
am__EXEEXT_TRUE=''
am__fastdepCC_FALSE='#'
am__fastdepCC_TRUE=''
am__fastdepCXX_FALSE='#'
am__fastdepCXX_TRUE=''
am__include='include'
am__isrc=''
am__leading_dot='.'
am__nodep='_no'
am__quote=''
am__tar='tar --format=posix -chf - "$$tardir"'
am__untar='tar -xf -'
bindir='${exec_prefix}/bin'
build='x86_64-pc-linux-gnu'
build_alias=''
build_cpu='x86_64'
build_os='linux-gnu'
build_vendor='pc'
datadir='${datarootdir}'
datarootdir='${prefix}/share'
docdir='${datarootdir}/doc/${PACKAGE_TARNAME}'
dvidir='${docdir}'
exec_prefix='NONE'
host='x86_64-pc-linux-gnu'
host_alias=''
host_cpu='x86_64'
host_os='linux-gnu'
host_vendor='pc'
htmldir='${docdir}'
includedir='${prefix}/include'
infodir='${datarootdir}/info'
install_sh='${SHELL} /home/zzl/Desktop/PyTPG-master/CSCI-3154/graph-tool-2.27/build-aux/install-sh'
libdir='${exec_prefix}/lib'
libexecdir='${exec_prefix}/libexec'
localedir='${datarootdir}/locale'
localstatedir='${prefix}/var'
mandir='${datarootdir}/man'
mkdir_p='$(MKDIR_P)'
oldincludedir='/usr/include'
pdfdir='${docdir}'
pkgconfig_libdir=''
pkgconfig_libfile=''
pkgconfigdir='${libdir}/pkgconfig'
pkgpyexecdir='${pyexecdir}/graph-tool'
pkgpythondir='${pythondir}/graph-tool'
prefix='/usr/local'
program_transform_name='s,x,x,'
psdir='${docdir}'
pyexecdir='${exec_prefix}/lib/python2.7/dist-packages'
pythondir='${prefix}/lib/python2.7/dist-packages'
runstatedir='${localstatedir}/run'
sbindir='${exec_prefix}/sbin'
sharedstatedir='${prefix}/com'
sysconfdir='${prefix}/etc'
target='x86_64-pc-linux-gnu'
target_alias=''
target_cpu='x86_64'
target_os='linux-gnu'
target_vendor='pc'

## ----------- ##
## confdefs.h. ##
## ----------- ##

/* confdefs.h */
#define PACKAGE_NAME "graph-tool"
#define PACKAGE_TARNAME "graph-tool"
#define PACKAGE_VERSION "2.27"
#define PACKAGE_STRING "graph-tool 2.27"
#define PACKAGE_BUGREPORT "http://graph-tool.skewed.de/issues"
#define PACKAGE_URL "http://graph-tool.skewed.de"
#define PACKAGE "graph-tool"
#define VERSION "2.27"
#define STDC_HEADERS 1
#define HAVE_SYS_TYPES_H 1
#define HAVE_SYS_STAT_H 1
#define HAVE_STDLIB_H 1
#define HAVE_STRING_H 1
#define HAVE_MEMORY_H 1
#define HAVE_STRINGS_H 1
#define HAVE_INTTYPES_H 1
#define HAVE_STDINT_H 1
#define HAVE_UNISTD_H 1
#define __EXTENSIONS__ 1
#define _ALL_SOURCE 1
#define _GNU_SOURCE 1
#define _POSIX_PTHREAD_SEMANTICS 1
#define _TANDEM_SOURCE 1
#define STDC_HEADERS 1
#define HAVE_DLFCN_H 1
#define LT_OBJDIR ".libs/"
#define HAVE_CXX14 1
#define OPENMP_MIN_THRESH 300
#define HAVE_OPENMP 1
#define HAVE_PYTHON "2.7"
#define HAVE_BOOST /**/
#define HAVE_BOOST_PYTHON /**/
#define HAVE_BOOST_IOSTREAMS /**/
#define HAVE_BOOST_REGEX /**/
#define HAVE_BOOST_CONTEXT /**/
#define HAVE_BOOST_COROUTINE /**/
#define BOOST_COROUTINE_STACK_SIZE 5242880
#define HAVE_BOOST_GRAPH /**/
#define HAVE_BOOST_THREAD /**/
#define HAVE_LIBGMP 1
#define HAVE_LIBGMP 1
#define HAVE_CGAL 1

configure: exit 1
